2021-11-09 13:18:37,091 [11] (null) DEBUG eShopLegacyWebForms.Global - /, Mozilla/5.0 (Windows NT 10.0; Win64; x64) AppleWebKit/537.36 (KHTML, like Gecko) Chrome/95.0.4638.69 Safari/537.36
Application_BeginRequest

2021-11-09 13:18:37,192 [11] (null) DEBUG eShopLegacyWebForms.Global - /, Mozilla/5.0 (Windows NT 10.0; Win64; x64) AppleWebKit/537.36 (KHTML, like Gecko) Chrome/95.0.4638.69 Safari/537.36
Application_BeginRequest

2021-11-09 13:18:49,428 [11] (null) INFO eShopLegacyWebForms._Default - /, Mozilla/5.0 (Windows NT 10.0; Win64; x64) AppleWebKit/537.36 (KHTML, like Gecko) Chrome/95.0.4638.69 Safari/537.36
Now loading... /Default.aspx?size=10&index=0

2021-11-09 13:18:50,845 [12] (null) DEBUG eShopLegacyWebForms.Global - /bundles/MsAjaxJs?v=D6VN0fHlwFSIWjbVzi6mZyE9Ls-4LNrSSYVGRU46XF81, Mozilla/5.0 (Windows NT 10.0; Win64; x64) AppleWebKit/537.36 (KHTML, like Gecko) Chrome/95.0.4638.69 Safari/537.36
Application_BeginRequest

2021-11-09 13:18:50,881 [11] (null) DEBUG eShopLegacyWebForms.Global - /bundles/WebFormsJs?v=N8tymL9KraMLGAMFuPycfH3pXe6uUlRXdhtYv8A_jUU1, Mozilla/5.0 (Windows NT 10.0; Win64; x64) AppleWebKit/537.36 (KHTML, like Gecko) Chrome/95.0.4638.69 Safari/537.36
Application_BeginRequest

2021-11-09 13:22:37,733 [12] (null) DEBUG eShopLegacyWebForms.Global - /, Mozilla/5.0 (Windows NT 10.0; Win64; x64) AppleWebKit/537.36 (KHTML, like Gecko) Chrome/95.0.4638.69 Safari/537.36
Application_BeginRequest

2021-11-09 13:22:37,858 [12] (null) DEBUG eShopLegacyWebForms.Global - /, Mozilla/5.0 (Windows NT 10.0; Win64; x64) AppleWebKit/537.36 (KHTML, like Gecko) Chrome/95.0.4638.69 Safari/537.36
Application_BeginRequest

2021-11-09 13:22:42,478 [12] (null) INFO eShopLegacyWebForms._Default - /, Mozilla/5.0 (Windows NT 10.0; Win64; x64) AppleWebKit/537.36 (KHTML, like Gecko) Chrome/95.0.4638.69 Safari/537.36
Now loading... /Default.aspx?size=10&index=0

2021-11-09 13:23:42,480 [14] (null) DEBUG eShopLegacyWebForms.Global - /Catalog/Create, Mozilla/5.0 (Windows NT 10.0; Win64; x64) AppleWebKit/537.36 (KHTML, like Gecko) Chrome/95.0.4638.69 Safari/537.36
Application_BeginRequest

2021-11-09 13:23:43,231 [14] (null) INFO eShopLegacyWebForms.Catalog.Create - /Catalog/Create, Mozilla/5.0 (Windows NT 10.0; Win64; x64) AppleWebKit/537.36 (KHTML, like Gecko) Chrome/95.0.4638.69 Safari/537.36
Now loading... /Catalog/Create.aspx

2021-11-09 13:23:49,101 [9] (null) DEBUG eShopLegacyWebForms.Global - /, Mozilla/5.0 (Windows NT 10.0; Win64; x64) AppleWebKit/537.36 (KHTML, like Gecko) Chrome/95.0.4638.69 Safari/537.36
Application_BeginRequest

2021-11-09 13:23:49,114 [9] (null) DEBUG eShopLegacyWebForms.Global - /, Mozilla/5.0 (Windows NT 10.0; Win64; x64) AppleWebKit/537.36 (KHTML, like Gecko) Chrome/95.0.4638.69 Safari/537.36
Application_BeginRequest

2021-11-09 13:23:49,149 [9] (null) INFO eShopLegacyWebForms._Default - /, Mozilla/5.0 (Windows NT 10.0; Win64; x64) AppleWebKit/537.36 (KHTML, like Gecko) Chrome/95.0.4638.69 Safari/537.36
Now loading... /Default.aspx?size=10&index=0

2021-11-09 13:23:54,670 [14] (null) DEBUG eShopLegacyWebForms.Global - /Catalog/Details/1, Mozilla/5.0 (Windows NT 10.0; Win64; x64) AppleWebKit/537.36 (KHTML, like Gecko) Chrome/95.0.4638.69 Safari/537.36
Application_BeginRequest

2021-11-09 13:23:54,694 [14] (null) INFO eShopLegacyWebForms.Catalog.Details - /Catalog/Details/1, Mozilla/5.0 (Windows NT 10.0; Win64; x64) AppleWebKit/537.36 (KHTML, like Gecko) Chrome/95.0.4638.69 Safari/537.36
Now loading... /Catalog/Details.aspx?id=1

2021-11-09 13:24:00,508 [12] (null) DEBUG eShopLegacyWebForms.Global - /, Mozilla/5.0 (Windows NT 10.0; Win64; x64) AppleWebKit/537.36 (KHTML, like Gecko) Chrome/95.0.4638.69 Safari/537.36
Application_BeginRequest

2021-11-09 13:24:00,519 [12] (null) DEBUG eShopLegacyWebForms.Global - /, Mozilla/5.0 (Windows NT 10.0; Win64; x64) AppleWebKit/537.36 (KHTML, like Gecko) Chrome/95.0.4638.69 Safari/537.36
Application_BeginRequest

2021-11-09 13:24:00,550 [12] (null) INFO eShopLegacyWebForms._Default - /, Mozilla/5.0 (Windows NT 10.0; Win64; x64) AppleWebKit/537.36 (KHTML, like Gecko) Chrome/95.0.4638.69 Safari/537.36
Now loading... /Default.aspx?size=10&index=0

2021-11-09 13:24:11,997 [12] (null) DEBUG eShopLegacyWebForms.Global - /Catalog/Edit/1, Mozilla/5.0 (Windows NT 10.0; Win64; x64) AppleWebKit/537.36 (KHTML, like Gecko) Chrome/95.0.4638.69 Safari/537.36
Application_BeginRequest

2021-11-09 13:24:12,022 [12] (null) INFO eShopLegacyWebForms.Catalog.Edit - /Catalog/Edit/1, Mozilla/5.0 (Windows NT 10.0; Win64; x64) AppleWebKit/537.36 (KHTML, like Gecko) Chrome/95.0.4638.69 Safari/537.36
Now loading... /Catalog/Edit.aspx?id=1

2021-11-09 13:24:15,302 [14] (null) DEBUG eShopLegacyWebForms.Global - /, Mozilla/5.0 (Windows NT 10.0; Win64; x64) AppleWebKit/537.36 (KHTML, like Gecko) Chrome/95.0.4638.69 Safari/537.36
Application_BeginRequest

2021-11-09 13:24:15,314 [14] (null) DEBUG eShopLegacyWebForms.Global - /, Mozilla/5.0 (Windows NT 10.0; Win64; x64) AppleWebKit/537.36 (KHTML, like Gecko) Chrome/95.0.4638.69 Safari/537.36
Application_BeginRequest

2021-11-09 13:24:15,347 [14] (null) INFO eShopLegacyWebForms._Default - /, Mozilla/5.0 (Windows NT 10.0; Win64; x64) AppleWebKit/537.36 (KHTML, like Gecko) Chrome/95.0.4638.69 Safari/537.36
Now loading... /Default.aspx?size=10&index=0

2021-11-09 13:24:19,040 [9] (null) DEBUG eShopLegacyWebForms.Global - /, Mozilla/5.0 (Windows NT 10.0; Win64; x64) AppleWebKit/537.36 (KHTML, like Gecko) Chrome/95.0.4638.69 Safari/537.36
Application_BeginRequest

2021-11-09 13:24:19,050 [9] (null) DEBUG eShopLegacyWebForms.Global - /, Mozilla/5.0 (Windows NT 10.0; Win64; x64) AppleWebKit/537.36 (KHTML, like Gecko) Chrome/95.0.4638.69 Safari/537.36
Application_BeginRequest

2021-11-09 13:24:19,085 [9] (null) INFO eShopLegacyWebForms._Default - /, Mozilla/5.0 (Windows NT 10.0; Win64; x64) AppleWebKit/537.36 (KHTML, like Gecko) Chrome/95.0.4638.69 Safari/537.36
Now loading... /Default.aspx?size=10&index=0

2021-11-09 13:24:46,524 [14] (null) DEBUG eShopLegacyWebForms.Global - /, Mozilla/5.0 (Windows NT 10.0; Win64; x64) AppleWebKit/537.36 (KHTML, like Gecko) Chrome/95.0.4638.69 Safari/537.36
Application_BeginRequest

2021-11-09 13:24:46,538 [14] (null) DEBUG eShopLegacyWebForms.Global - /, Mozilla/5.0 (Windows NT 10.0; Win64; x64) AppleWebKit/537.36 (KHTML, like Gecko) Chrome/95.0.4638.69 Safari/537.36
Application_BeginRequest

2021-11-09 13:24:46,575 [14] (null) INFO eShopLegacyWebForms._Default - /, Mozilla/5.0 (Windows NT 10.0; Win64; x64) AppleWebKit/537.36 (KHTML, like Gecko) Chrome/95.0.4638.69 Safari/537.36
Now loading... /Default.aspx?size=10&index=0

2021-11-09 13:24:49,088 [16] (null) DEBUG eShopLegacyWebForms.Global - /Catalog/Create, Mozilla/5.0 (Windows NT 10.0; Win64; x64) AppleWebKit/537.36 (KHTML, like Gecko) Chrome/95.0.4638.69 Safari/537.36
Application_BeginRequest

2021-11-09 13:24:49,090 [16] (null) INFO eShopLegacyWebForms.Catalog.Create - /Catalog/Create, Mozilla/5.0 (Windows NT 10.0; Win64; x64) AppleWebKit/537.36 (KHTML, like Gecko) Chrome/95.0.4638.69 Safari/537.36
Now loading... /Catalog/Create.aspx

2021-11-09 13:25:21,789 [15] (null) DEBUG eShopLegacyWebForms.Global - /Catalog/Create, Mozilla/5.0 (Windows NT 10.0; Win64; x64) AppleWebKit/537.36 (KHTML, like Gecko) Chrome/95.0.4638.69 Safari/537.36
Application_BeginRequest

2021-11-09 13:25:21,795 [15] (null) INFO eShopLegacyWebForms.Catalog.Create - (null)
Now loading... /Catalog/Create.aspx

2021-11-09 13:25:22,205 [15] (null) DEBUG eShopLegacyWebForms.Global - /, Mozilla/5.0 (Windows NT 10.0; Win64; x64) AppleWebKit/537.36 (KHTML, like Gecko) Chrome/95.0.4638.69 Safari/537.36
Application_BeginRequest

2021-11-09 13:25:22,218 [15] (null) DEBUG eShopLegacyWebForms.Global - /, Mozilla/5.0 (Windows NT 10.0; Win64; x64) AppleWebKit/537.36 (KHTML, like Gecko) Chrome/95.0.4638.69 Safari/537.36
Application_BeginRequest

2021-11-09 13:25:22,254 [15] (null) INFO eShopLegacyWebForms._Default - /, Mozilla/5.0 (Windows NT 10.0; Win64; x64) AppleWebKit/537.36 (KHTML, like Gecko) Chrome/95.0.4638.69 Safari/537.36
Now loading... /Default.aspx?size=10&index=0

2021-11-09 13:25:27,798 [14] (null) DEBUG eShopLegacyWebForms.Global - /Default/index/1/size/10, Mozilla/5.0 (Windows NT 10.0; Win64; x64) AppleWebKit/537.36 (KHTML, like Gecko) Chrome/95.0.4638.69 Safari/537.36
Application_BeginRequest

2021-11-09 13:25:27,834 [14] (null) INFO eShopLegacyWebForms._Default - /Default/index/1/size/10, Mozilla/5.0 (Windows NT 10.0; Win64; x64) AppleWebKit/537.36 (KHTML, like Gecko) Chrome/95.0.4638.69 Safari/537.36
Now loading... /Default.aspx?size=10&index=1

2021-11-09 13:25:40,464 [12] (null) DEBUG eShopLegacyWebForms.Global - /Catalog/Delete/21, Mozilla/5.0 (Windows NT 10.0; Win64; x64) AppleWebKit/537.36 (KHTML, like Gecko) Chrome/95.0.4638.69 Safari/537.36
Application_BeginRequest

2021-11-09 13:25:40,487 [12] (null) INFO eShopLegacyWebForms.Catalog.Delete - /Catalog/Delete/21, Mozilla/5.0 (Windows NT 10.0; Win64; x64) AppleWebKit/537.36 (KHTML, like Gecko) Chrome/95.0.4638.69 Safari/537.36
Now loading... /Catalog/Delete.aspx?id=21

2021-11-09 13:25:43,005 [14] (null) DEBUG eShopLegacyWebForms.Global - /Catalog/Delete/21, Mozilla/5.0 (Windows NT 10.0; Win64; x64) AppleWebKit/537.36 (KHTML, like Gecko) Chrome/95.0.4638.69 Safari/537.36
Application_BeginRequest

2021-11-09 13:25:43,007 [12] (null) INFO eShopLegacyWebForms.Catalog.Delete - (null)
Now loading... /Catalog/Delete.aspx?id=21

2021-11-09 13:25:43,157 [14] (null) DEBUG eShopLegacyWebForms.Global - /, Mozilla/5.0 (Windows NT 10.0; Win64; x64) AppleWebKit/537.36 (KHTML, like Gecko) Chrome/95.0.4638.69 Safari/537.36
Application_BeginRequest

2021-11-09 13:25:43,172 [14] (null) DEBUG eShopLegacyWebForms.Global - /, Mozilla/5.0 (Windows NT 10.0; Win64; x64) AppleWebKit/537.36 (KHTML, like Gecko) Chrome/95.0.4638.69 Safari/537.36
Application_BeginRequest

2021-11-09 13:25:43,217 [14] (null) INFO eShopLegacyWebForms._Default - /, Mozilla/5.0 (Windows NT 10.0; Win64; x64) AppleWebKit/537.36 (KHTML, like Gecko) Chrome/95.0.4638.69 Safari/537.36
Now loading... /Default.aspx?size=10&index=0

2021-11-09 13:25:46,134 [12] (null) DEBUG eShopLegacyWebForms.Global - /Default/index/1/size/10, Mozilla/5.0 (Windows NT 10.0; Win64; x64) AppleWebKit/537.36 (KHTML, like Gecko) Chrome/95.0.4638.69 Safari/537.36
Application_BeginRequest

2021-11-09 13:25:46,166 [12] (null) INFO eShopLegacyWebForms._Default - /Default/index/1/size/10, Mozilla/5.0 (Windows NT 10.0; Win64; x64) AppleWebKit/537.36 (KHTML, like Gecko) Chrome/95.0.4638.69 Safari/537.36
Now loading... /Default.aspx?size=10&index=1

2021-11-09 13:25:51,202 [12] (null) DEBUG eShopLegacyWebForms.Global - /, Mozilla/5.0 (Windows NT 10.0; Win64; x64) AppleWebKit/537.36 (KHTML, like Gecko) Chrome/95.0.4638.69 Safari/537.36
Application_BeginRequest

2021-11-09 13:25:51,216 [12] (null) DEBUG eShopLegacyWebForms.Global - /, Mozilla/5.0 (Windows NT 10.0; Win64; x64) AppleWebKit/537.36 (KHTML, like Gecko) Chrome/95.0.4638.69 Safari/537.36
Application_BeginRequest

2021-11-09 13:25:51,253 [12] (null) INFO eShopLegacyWebForms._Default - /, Mozilla/5.0 (Windows NT 10.0; Win64; x64) AppleWebKit/537.36 (KHTML, like Gecko) Chrome/95.0.4638.69 Safari/537.36
Now loading... /Default.aspx?size=10&index=0

2021-11-09 13:25:56,515 [12] (null) DEBUG eShopLegacyWebForms.Global - /Catalog/Details/1, Mozilla/5.0 (Windows NT 10.0; Win64; x64) AppleWebKit/537.36 (KHTML, like Gecko) Chrome/95.0.4638.69 Safari/537.36
Application_BeginRequest

2021-11-09 13:25:56,518 [12] (null) INFO eShopLegacyWebForms.Catalog.Details - /Catalog/Details/1, Mozilla/5.0 (Windows NT 10.0; Win64; x64) AppleWebKit/537.36 (KHTML, like Gecko) Chrome/95.0.4638.69 Safari/537.36
Now loading... /Catalog/Details.aspx?id=1

2021-11-09 13:26:03,488 [14] (null) DEBUG eShopLegacyWebForms.Global - /, Mozilla/5.0 (Windows NT 10.0; Win64; x64) AppleWebKit/537.36 (KHTML, like Gecko) Chrome/95.0.4638.69 Safari/537.36
Application_BeginRequest

2021-11-09 13:26:03,505 [14] (null) DEBUG eShopLegacyWebForms.Global - /, Mozilla/5.0 (Windows NT 10.0; Win64; x64) AppleWebKit/537.36 (KHTML, like Gecko) Chrome/95.0.4638.69 Safari/537.36
Application_BeginRequest

2021-11-09 13:26:03,543 [14] (null) INFO eShopLegacyWebForms._Default - /, Mozilla/5.0 (Windows NT 10.0; Win64; x64) AppleWebKit/537.36 (KHTML, like Gecko) Chrome/95.0.4638.69 Safari/537.36
Now loading... /Default.aspx?size=10&index=0

2021-11-09 13:26:09,601 [12] (null) DEBUG eShopLegacyWebForms.Global - /Catalog/Edit/1, Mozilla/5.0 (Windows NT 10.0; Win64; x64) AppleWebKit/537.36 (KHTML, like Gecko) Chrome/95.0.4638.69 Safari/537.36
Application_BeginRequest

2021-11-09 13:26:09,606 [12] (null) INFO eShopLegacyWebForms.Catalog.Edit - /Catalog/Edit/1, Mozilla/5.0 (Windows NT 10.0; Win64; x64) AppleWebKit/537.36 (KHTML, like Gecko) Chrome/95.0.4638.69 Safari/537.36
Now loading... /Catalog/Edit.aspx?id=1

2021-11-09 13:26:13,290 [14] (null) DEBUG eShopLegacyWebForms.Global - /, Mozilla/5.0 (Windows NT 10.0; Win64; x64) AppleWebKit/537.36 (KHTML, like Gecko) Chrome/95.0.4638.69 Safari/537.36
Application_BeginRequest

2021-11-09 13:26:13,303 [14] (null) DEBUG eShopLegacyWebForms.Global - /, Mozilla/5.0 (Windows NT 10.0; Win64; x64) AppleWebKit/537.36 (KHTML, like Gecko) Chrome/95.0.4638.69 Safari/537.36
Application_BeginRequest

2021-11-09 13:26:13,339 [14] (null) INFO eShopLegacyWebForms._Default - /, Mozilla/5.0 (Windows NT 10.0; Win64; x64) AppleWebKit/537.36 (KHTML, like Gecko) Chrome/95.0.4638.69 Safari/537.36
Now loading... /Default.aspx?size=10&index=0

2021-11-09 13:26:25,934 [12] (null) DEBUG eShopLegacyWebForms.Global - /, Mozilla/5.0 (Windows NT 10.0; Win64; x64) AppleWebKit/537.36 (KHTML, like Gecko) Chrome/95.0.4638.69 Safari/537.36
Application_BeginRequest

2021-11-09 13:26:25,946 [12] (null) DEBUG eShopLegacyWebForms.Global - /, Mozilla/5.0 (Windows NT 10.0; Win64; x64) AppleWebKit/537.36 (KHTML, like Gecko) Chrome/95.0.4638.69 Safari/537.36
Application_BeginRequest

2021-11-09 13:26:25,982 [12] (null) INFO eShopLegacyWebForms._Default - /, Mozilla/5.0 (Windows NT 10.0; Win64; x64) AppleWebKit/537.36 (KHTML, like Gecko) Chrome/95.0.4638.69 Safari/537.36
Now loading... /Default.aspx?size=10&index=0

2021-12-02 15:02:47,298 [5] (null) DEBUG eShopLegacyWebForms.Global - /, Mozilla/5.0 (Windows NT 10.0; Win64; x64) AppleWebKit/537.36 (KHTML, like Gecko) Chrome/96.0.4664.45 Safari/537.36
Application_BeginRequest

2021-12-02 15:02:47,356 [5] (null) DEBUG eShopLegacyWebForms.Global - /, Mozilla/5.0 (Windows NT 10.0; Win64; x64) AppleWebKit/537.36 (KHTML, like Gecko) Chrome/96.0.4664.45 Safari/537.36
Application_BeginRequest

2021-12-02 15:02:51,841 [5] (null) INFO eShopLegacyWebForms._Default - /, Mozilla/5.0 (Windows NT 10.0; Win64; x64) AppleWebKit/537.36 (KHTML, like Gecko) Chrome/96.0.4664.45 Safari/537.36
Now loading... /Default.aspx?size=10&index=0

2021-12-02 15:02:57,914 [7] (null) DEBUG eShopLegacyWebForms.Global - /Default/index/1/size/10, Mozilla/5.0 (Windows NT 10.0; Win64; x64) AppleWebKit/537.36 (KHTML, like Gecko) Chrome/96.0.4664.45 Safari/537.36
Application_BeginRequest

2021-12-02 15:02:57,958 [7] (null) INFO eShopLegacyWebForms._Default - /Default/index/1/size/10, Mozilla/5.0 (Windows NT 10.0; Win64; x64) AppleWebKit/537.36 (KHTML, like Gecko) Chrome/96.0.4664.45 Safari/537.36
Now loading... /Default.aspx?size=10&index=1

2021-12-02 15:03:01,425 [12] (null) DEBUG eShopLegacyWebForms.Global - /Default/index/0/size/10, Mozilla/5.0 (Windows NT 10.0; Win64; x64) AppleWebKit/537.36 (KHTML, like Gecko) Chrome/96.0.4664.45 Safari/537.36
Application_BeginRequest

2021-12-02 15:03:01,458 [12] (null) INFO eShopLegacyWebForms._Default - /Default/index/0/size/10, Mozilla/5.0 (Windows NT 10.0; Win64; x64) AppleWebKit/537.36 (KHTML, like Gecko) Chrome/96.0.4664.45 Safari/537.36
Now loading... /Default.aspx?size=10&index=0

2021-12-02 15:03:09,820 [5] (null) DEBUG eShopLegacyWebForms.Global - /Catalog/Create, Mozilla/5.0 (Windows NT 10.0; Win64; x64) AppleWebKit/537.36 (KHTML, like Gecko) Chrome/96.0.4664.45 Safari/537.36
Application_BeginRequest

2021-12-02 15:03:10,362 [5] (null) INFO eShopLegacyWebForms.Catalog.Create - /Catalog/Create, Mozilla/5.0 (Windows NT 10.0; Win64; x64) AppleWebKit/537.36 (KHTML, like Gecko) Chrome/96.0.4664.45 Safari/537.36
Now loading... /Catalog/Create.aspx

2021-12-02 15:03:36,540 [9] (null) DEBUG eShopLegacyWebForms.Global - /, Mozilla/5.0 (Windows NT 10.0; Win64; x64) AppleWebKit/537.36 (KHTML, like Gecko) Chrome/96.0.4664.45 Safari/537.36
Application_BeginRequest

2021-12-02 15:03:36,554 [9] (null) DEBUG eShopLegacyWebForms.Global - /, Mozilla/5.0 (Windows NT 10.0; Win64; x64) AppleWebKit/537.36 (KHTML, like Gecko) Chrome/96.0.4664.45 Safari/537.36
Application_BeginRequest

2021-12-02 15:03:36,586 [9] (null) INFO eShopLegacyWebForms._Default - /, Mozilla/5.0 (Windows NT 10.0; Win64; x64) AppleWebKit/537.36 (KHTML, like Gecko) Chrome/96.0.4664.45 Safari/537.36
Now loading... /Default.aspx?size=10&index=0

2021-12-02 15:08:48,399 [14] (null) DEBUG eShopLegacyWebForms.Global - /Default.aspx, Mozilla/5.0 (Windows NT 10.0; Win64; x64) AppleWebKit/537.36 (KHTML, like Gecko) Chrome/96.0.4664.45 Safari/537.36
Application_BeginRequest

2021-12-02 15:08:49,792 [14] (null) INFO eShopLegacyWebForms._Default - /Default.aspx, Mozilla/5.0 (Windows NT 10.0; Win64; x64) AppleWebKit/537.36 (KHTML, like Gecko) Chrome/96.0.4664.45 Safari/537.36
Now loading... /Default.aspx?size=10&index=0

2021-12-02 15:11:23,585 [17] (null) DEBUG eShopLegacyWebForms.Global - /Catalog/Create, Mozilla/5.0 (Windows NT 10.0; Win64; x64) AppleWebKit/537.36 (KHTML, like Gecko) Chrome/96.0.4664.45 Safari/537.36
Application_BeginRequest

2021-12-02 15:11:24,073 [17] (null) INFO eShopLegacyWebForms.Catalog.Create - /Catalog/Create, Mozilla/5.0 (Windows NT 10.0; Win64; x64) AppleWebKit/537.36 (KHTML, like Gecko) Chrome/96.0.4664.45 Safari/537.36
Now loading... /Catalog/Create.aspx

2021-12-02 15:16:23,720 [27] (null) DEBUG eShopLegacyWebForms.Global - /Default.aspx, Mozilla/5.0 (Windows NT 10.0; Win64; x64) AppleWebKit/537.36 (KHTML, like Gecko) Chrome/96.0.4664.45 Safari/537.36
Application_BeginRequest

2021-12-02 15:16:27,156 [27] (null) INFO eShopLegacyWebForms._Default - /Default.aspx, Mozilla/5.0 (Windows NT 10.0; Win64; x64) AppleWebKit/537.36 (KHTML, like Gecko) Chrome/96.0.4664.45 Safari/537.36
Now loading... /Default.aspx?size=10&index=0

2021-12-02 15:17:22,909 [25] (null) DEBUG eShopLegacyWebForms.Global - /Catalog/Edit/2, Mozilla/5.0 (Windows NT 10.0; Win64; x64) AppleWebKit/537.36 (KHTML, like Gecko) Chrome/96.0.4664.45 Safari/537.36
Application_BeginRequest

2021-12-02 15:17:22,943 [25] (null) INFO eShopLegacyWebForms.Catalog.Edit - /Catalog/Edit/2, Mozilla/5.0 (Windows NT 10.0; Win64; x64) AppleWebKit/537.36 (KHTML, like Gecko) Chrome/96.0.4664.45 Safari/537.36
Now loading... /Catalog/Edit.aspx?id=2

2021-12-02 15:18:08,208 [22] (null) DEBUG eShopLegacyWebForms.Global - /, Mozilla/5.0 (Windows NT 10.0; Win64; x64) AppleWebKit/537.36 (KHTML, like Gecko) Chrome/96.0.4664.45 Safari/537.36
Application_BeginRequest

2021-12-02 15:18:08,214 [22] (null) DEBUG eShopLegacyWebForms.Global - /, Mozilla/5.0 (Windows NT 10.0; Win64; x64) AppleWebKit/537.36 (KHTML, like Gecko) Chrome/96.0.4664.45 Safari/537.36
Application_BeginRequest

2021-12-02 15:18:08,221 [22] (null) INFO eShopLegacyWebForms._Default - /, Mozilla/5.0 (Windows NT 10.0; Win64; x64) AppleWebKit/537.36 (KHTML, like Gecko) Chrome/96.0.4664.45 Safari/537.36
Now loading... /Default.aspx?size=10&index=0

2021-12-02 15:21:27,405 [27] (null) DEBUG eShopLegacyWebForms.Global - /Default.aspx, Mozilla/5.0 (Windows NT 10.0; Win64; x64) AppleWebKit/537.36 (KHTML, like Gecko) Chrome/96.0.4664.45 Safari/537.36
Application_BeginRequest

2021-12-02 15:21:30,892 [27] (null) INFO eShopLegacyWebForms._Default - /Default.aspx, Mozilla/5.0 (Windows NT 10.0; Win64; x64) AppleWebKit/537.36 (KHTML, like Gecko) Chrome/96.0.4664.45 Safari/537.36
Now loading... /Default.aspx?size=10&index=0

2021-12-02 15:26:10,559 [31] (null) DEBUG eShopLegacyWebForms.Global - /Default.aspx, Mozilla/5.0 (Windows NT 10.0; Win64; x64) AppleWebKit/537.36 (KHTML, like Gecko) Chrome/96.0.4664.45 Safari/537.36
Application_BeginRequest

2021-12-02 15:26:11,988 [31] (null) INFO eShopLegacyWebForms._Default - /Default.aspx, Mozilla/5.0 (Windows NT 10.0; Win64; x64) AppleWebKit/537.36 (KHTML, like Gecko) Chrome/96.0.4664.45 Safari/537.36
Now loading... /Default.aspx?size=10&index=0

2021-12-02 15:27:57,414 [14] (null) DEBUG eShopLegacyWebForms.Global - /Default.aspx, Mozilla/5.0 (Windows NT 10.0; Win64; x64) AppleWebKit/537.36 (KHTML, like Gecko) Chrome/96.0.4664.45 Safari/537.36
Application_BeginRequest

2021-12-02 15:28:00,828 [14] (null) INFO eShopLegacyWebForms._Default - /Default.aspx, Mozilla/5.0 (Windows NT 10.0; Win64; x64) AppleWebKit/537.36 (KHTML, like Gecko) Chrome/96.0.4664.45 Safari/537.36
Now loading... /Default.aspx?size=10&index=0

2021-12-02 15:28:52,368 [10] (null) DEBUG eShopLegacyWebForms.Global - /Default.aspx, Mozilla/5.0 (Windows NT 10.0; Win64; x64) AppleWebKit/537.36 (KHTML, like Gecko) Chrome/96.0.4664.45 Safari/537.36
Application_BeginRequest

2021-12-02 15:28:53,802 [10] (null) INFO eShopLegacyWebForms._Default - /Default.aspx, Mozilla/5.0 (Windows NT 10.0; Win64; x64) AppleWebKit/537.36 (KHTML, like Gecko) Chrome/96.0.4664.45 Safari/537.36
Now loading... /Default.aspx?size=10&index=0

2021-12-02 15:29:03,318 [10] (null) DEBUG eShopLegacyWebForms.Global - /Catalog/Create, Mozilla/5.0 (Windows NT 10.0; Win64; x64) AppleWebKit/537.36 (KHTML, like Gecko) Chrome/96.0.4664.45 Safari/537.36
Application_BeginRequest

2021-12-02 15:29:03,346 [10] (null) INFO eShopLegacyWebForms.Catalog.Create - /Catalog/Create, Mozilla/5.0 (Windows NT 10.0; Win64; x64) AppleWebKit/537.36 (KHTML, like Gecko) Chrome/96.0.4664.45 Safari/537.36
Now loading... /Catalog/Create.aspx

2021-12-02 15:43:40,669 [42] (null) DEBUG eShopLegacyWebForms.Global - /, Mozilla/5.0 (Windows NT 10.0; Win64; x64) AppleWebKit/537.36 (KHTML, like Gecko) Chrome/96.0.4664.45 Safari/537.36
Application_BeginRequest

2021-12-02 15:43:40,675 [42] (null) DEBUG eShopLegacyWebForms.Global - /, Mozilla/5.0 (Windows NT 10.0; Win64; x64) AppleWebKit/537.36 (KHTML, like Gecko) Chrome/96.0.4664.45 Safari/537.36
Application_BeginRequest

2021-12-02 15:43:41,915 [42] (null) INFO eShopLegacyWebForms._Default - /, Mozilla/5.0 (Windows NT 10.0; Win64; x64) AppleWebKit/537.36 (KHTML, like Gecko) Chrome/96.0.4664.45 Safari/537.36
Now loading... /Default.aspx?size=10&index=0

2021-12-02 15:43:47,737 [24] (null) DEBUG eShopLegacyWebForms.Global - /Catalog/Create, Mozilla/5.0 (Windows NT 10.0; Win64; x64) AppleWebKit/537.36 (KHTML, like Gecko) Chrome/96.0.4664.45 Safari/537.36
Application_BeginRequest

2021-12-02 15:43:47,739 [24] (null) INFO eShopLegacyWebForms.Catalog.Create - /Catalog/Create, Mozilla/5.0 (Windows NT 10.0; Win64; x64) AppleWebKit/537.36 (KHTML, like Gecko) Chrome/96.0.4664.45 Safari/537.36
Now loading... /Catalog/Create.aspx

2021-12-02 15:43:53,759 [47] (null) DEBUG eShopLegacyWebForms.Global - /Catalog/Create, Mozilla/5.0 (Windows NT 10.0; Win64; x64) AppleWebKit/537.36 (KHTML, like Gecko) Chrome/96.0.4664.45 Safari/537.36
Application_BeginRequest

2021-12-02 15:43:53,765 [47] (null) INFO eShopLegacyWebForms.Catalog.Create - (null)
Now loading... /Catalog/Create.aspx

2021-12-02 15:43:53,805 [22] (null) DEBUG eShopLegacyWebForms.Global - /, Mozilla/5.0 (Windows NT 10.0; Win64; x64) AppleWebKit/537.36 (KHTML, like Gecko) Chrome/96.0.4664.45 Safari/537.36
Application_BeginRequest

2021-12-02 15:43:53,807 [22] (null) DEBUG eShopLegacyWebForms.Global - /, Mozilla/5.0 (Windows NT 10.0; Win64; x64) AppleWebKit/537.36 (KHTML, like Gecko) Chrome/96.0.4664.45 Safari/537.36
Application_BeginRequest

2021-12-02 15:43:53,811 [22] (null) INFO eShopLegacyWebForms._Default - /, Mozilla/5.0 (Windows NT 10.0; Win64; x64) AppleWebKit/537.36 (KHTML, like Gecko) Chrome/96.0.4664.45 Safari/537.36
Now loading... /Default.aspx?size=10&index=0

2021-12-02 15:43:57,641 [45] (null) DEBUG eShopLegacyWebForms.Global - /Default/index/1/size/10, Mozilla/5.0 (Windows NT 10.0; Win64; x64) AppleWebKit/537.36 (KHTML, like Gecko) Chrome/96.0.4664.45 Safari/537.36
Application_BeginRequest

2021-12-02 15:43:57,650 [45] (null) INFO eShopLegacyWebForms._Default - /Default/index/1/size/10, Mozilla/5.0 (Windows NT 10.0; Win64; x64) AppleWebKit/537.36 (KHTML, like Gecko) Chrome/96.0.4664.45 Safari/537.36
Now loading... /Default.aspx?size=10&index=1

2021-12-02 15:44:01,409 [15] (null) DEBUG eShopLegacyWebForms.Global - /Catalog/Details/31, Mozilla/5.0 (Windows NT 10.0; Win64; x64) AppleWebKit/537.36 (KHTML, like Gecko) Chrome/96.0.4664.45 Safari/537.36
Application_BeginRequest

2021-12-02 15:44:01,432 [15] (null) INFO eShopLegacyWebForms.Catalog.Details - /Catalog/Details/31, Mozilla/5.0 (Windows NT 10.0; Win64; x64) AppleWebKit/537.36 (KHTML, like Gecko) Chrome/96.0.4664.45 Safari/537.36
Now loading... /Catalog/Details.aspx?id=31

2021-12-02 15:44:04,888 [43] (null) DEBUG eShopLegacyWebForms.Global - /Catalog/Edit/31, Mozilla/5.0 (Windows NT 10.0; Win64; x64) AppleWebKit/537.36 (KHTML, like Gecko) Chrome/96.0.4664.45 Safari/537.36
Application_BeginRequest

2021-12-02 15:44:04,914 [43] (null) INFO eShopLegacyWebForms.Catalog.Edit - /Catalog/Edit/31, Mozilla/5.0 (Windows NT 10.0; Win64; x64) AppleWebKit/537.36 (KHTML, like Gecko) Chrome/96.0.4664.45 Safari/537.36
Now loading... /Catalog/Edit.aspx?id=31

2021-12-02 15:44:17,072 [24] (null) DEBUG eShopLegacyWebForms.Global - /Catalog/Edit/31, Mozilla/5.0 (Windows NT 10.0; Win64; x64) AppleWebKit/537.36 (KHTML, like Gecko) Chrome/96.0.4664.45 Safari/537.36
Application_BeginRequest

2021-12-02 15:44:17,086 [42] (null) DEBUG eShopLegacyWebForms.Global - /, Mozilla/5.0 (Windows NT 10.0; Win64; x64) AppleWebKit/537.36 (KHTML, like Gecko) Chrome/96.0.4664.45 Safari/537.36
Application_BeginRequest

2021-12-02 15:44:17,087 [42] (null) DEBUG eShopLegacyWebForms.Global - /, Mozilla/5.0 (Windows NT 10.0; Win64; x64) AppleWebKit/537.36 (KHTML, like Gecko) Chrome/96.0.4664.45 Safari/537.36
Application_BeginRequest

2021-12-02 15:44:17,090 [42] (null) INFO eShopLegacyWebForms._Default - /, Mozilla/5.0 (Windows NT 10.0; Win64; x64) AppleWebKit/537.36 (KHTML, like Gecko) Chrome/96.0.4664.45 Safari/537.36
Now loading... /Default.aspx?size=10&index=0

2021-12-02 15:44:19,729 [48] (null) DEBUG eShopLegacyWebForms.Global - /Default/index/1/size/10, Mozilla/5.0 (Windows NT 10.0; Win64; x64) AppleWebKit/537.36 (KHTML, like Gecko) Chrome/96.0.4664.45 Safari/537.36
Application_BeginRequest

2021-12-02 15:44:19,732 [48] (null) INFO eShopLegacyWebForms._Default - /Default/index/1/size/10, Mozilla/5.0 (Windows NT 10.0; Win64; x64) AppleWebKit/537.36 (KHTML, like Gecko) Chrome/96.0.4664.45 Safari/537.36
Now loading... /Default.aspx?size=10&index=1

2021-12-02 15:44:28,794 [22] (null) DEBUG eShopLegacyWebForms.Global - /Catalog/Delete/31, Mozilla/5.0 (Windows NT 10.0; Win64; x64) AppleWebKit/537.36 (KHTML, like Gecko) Chrome/96.0.4664.45 Safari/537.36
Application_BeginRequest

2021-12-02 15:44:28,818 [22] (null) INFO eShopLegacyWebForms.Catalog.Delete - /Catalog/Delete/31, Mozilla/5.0 (Windows NT 10.0; Win64; x64) AppleWebKit/537.36 (KHTML, like Gecko) Chrome/96.0.4664.45 Safari/537.36
Now loading... /Catalog/Delete.aspx?id=31

2021-12-02 15:44:30,819 [45] (null) DEBUG eShopLegacyWebForms.Global - /Catalog/Delete/31, Mozilla/5.0 (Windows NT 10.0; Win64; x64) AppleWebKit/537.36 (KHTML, like Gecko) Chrome/96.0.4664.45 Safari/537.36
Application_BeginRequest

2021-12-02 15:44:30,820 [42] (null) INFO eShopLegacyWebForms.Catalog.Delete - (null)
Now loading... /Catalog/Delete.aspx?id=31

2021-12-02 15:44:30,831 [48] (null) DEBUG eShopLegacyWebForms.Global - /, Mozilla/5.0 (Windows NT 10.0; Win64; x64) AppleWebKit/537.36 (KHTML, like Gecko) Chrome/96.0.4664.45 Safari/537.36
Application_BeginRequest

2021-12-02 15:44:30,833 [48] (null) DEBUG eShopLegacyWebForms.Global - /, Mozilla/5.0 (Windows NT 10.0; Win64; x64) AppleWebKit/537.36 (KHTML, like Gecko) Chrome/96.0.4664.45 Safari/537.36
Application_BeginRequest

2021-12-02 15:44:30,836 [48] (null) INFO eShopLegacyWebForms._Default - /, Mozilla/5.0 (Windows NT 10.0; Win64; x64) AppleWebKit/537.36 (KHTML, like Gecko) Chrome/96.0.4664.45 Safari/537.36
Now loading... /Default.aspx?size=10&index=0

2021-12-02 15:44:33,904 [24] (null) DEBUG eShopLegacyWebForms.Global - /Default/index/1/size/10, Mozilla/5.0 (Windows NT 10.0; Win64; x64) AppleWebKit/537.36 (KHTML, like Gecko) Chrome/96.0.4664.45 Safari/537.36
Application_BeginRequest

2021-12-02 15:44:33,908 [24] (null) INFO eShopLegacyWebForms._Default - /Default/index/1/size/10, Mozilla/5.0 (Windows NT 10.0; Win64; x64) AppleWebKit/537.36 (KHTML, like Gecko) Chrome/96.0.4664.45 Safari/537.36
Now loading... /Default.aspx?size=10&index=1

2021-12-02 15:44:35,601 [43] (null) DEBUG eShopLegacyWebForms.Global - /Catalog/Delete/12, Mozilla/5.0 (Windows NT 10.0; Win64; x64) AppleWebKit/537.36 (KHTML, like Gecko) Chrome/96.0.4664.45 Safari/537.36
Application_BeginRequest

2021-12-02 15:44:35,603 [43] (null) INFO eShopLegacyWebForms.Catalog.Delete - /Catalog/Delete/12, Mozilla/5.0 (Windows NT 10.0; Win64; x64) AppleWebKit/537.36 (KHTML, like Gecko) Chrome/96.0.4664.45 Safari/537.36
Now loading... /Catalog/Delete.aspx?id=12

2021-12-02 15:44:37,570 [45] (null) DEBUG eShopLegacyWebForms.Global - /Catalog/Delete/12, Mozilla/5.0 (Windows NT 10.0; Win64; x64) AppleWebKit/537.36 (KHTML, like Gecko) Chrome/96.0.4664.45 Safari/537.36
Application_BeginRequest

2021-12-02 15:44:37,572 [45] (null) INFO eShopLegacyWebForms.Catalog.Delete - (null)
Now loading... /Catalog/Delete.aspx?id=12

2021-12-02 15:44:37,580 [42] (null) DEBUG eShopLegacyWebForms.Global - /, Mozilla/5.0 (Windows NT 10.0; Win64; x64) AppleWebKit/537.36 (KHTML, like Gecko) Chrome/96.0.4664.45 Safari/537.36
Application_BeginRequest

2021-12-02 15:44:37,581 [42] (null) DEBUG eShopLegacyWebForms.Global - /, Mozilla/5.0 (Windows NT 10.0; Win64; x64) AppleWebKit/537.36 (KHTML, like Gecko) Chrome/96.0.4664.45 Safari/537.36
Application_BeginRequest

2021-12-02 15:44:37,585 [42] (null) INFO eShopLegacyWebForms._Default - /, Mozilla/5.0 (Windows NT 10.0; Win64; x64) AppleWebKit/537.36 (KHTML, like Gecko) Chrome/96.0.4664.45 Safari/537.36
Now loading... /Default.aspx?size=10&index=0

2021-12-02 15:44:42,315 [23] (null) DEBUG eShopLegacyWebForms.Global - /Catalog/Delete/3, Mozilla/5.0 (Windows NT 10.0; Win64; x64) AppleWebKit/537.36 (KHTML, like Gecko) Chrome/96.0.4664.45 Safari/537.36
Application_BeginRequest

2021-12-02 15:44:42,316 [23] (null) INFO eShopLegacyWebForms.Catalog.Delete - /Catalog/Delete/3, Mozilla/5.0 (Windows NT 10.0; Win64; x64) AppleWebKit/537.36 (KHTML, like Gecko) Chrome/96.0.4664.45 Safari/537.36
Now loading... /Catalog/Delete.aspx?id=3

2021-12-02 15:44:44,218 [42] (null) DEBUG eShopLegacyWebForms.Global - /Catalog/Delete/3, Mozilla/5.0 (Windows NT 10.0; Win64; x64) AppleWebKit/537.36 (KHTML, like Gecko) Chrome/96.0.4664.45 Safari/537.36
Application_BeginRequest

2021-12-02 15:44:44,220 [42] (null) INFO eShopLegacyWebForms.Catalog.Delete - (null)
Now loading... /Catalog/Delete.aspx?id=3

2021-12-02 15:44:44,229 [22] (null) DEBUG eShopLegacyWebForms.Global - /, Mozilla/5.0 (Windows NT 10.0; Win64; x64) AppleWebKit/537.36 (KHTML, like Gecko) Chrome/96.0.4664.45 Safari/537.36
Application_BeginRequest

2021-12-02 15:44:44,230 [22] (null) DEBUG eShopLegacyWebForms.Global - /, Mozilla/5.0 (Windows NT 10.0; Win64; x64) AppleWebKit/537.36 (KHTML, like Gecko) Chrome/96.0.4664.45 Safari/537.36
Application_BeginRequest

2021-12-02 15:44:44,234 [22] (null) INFO eShopLegacyWebForms._Default - /, Mozilla/5.0 (Windows NT 10.0; Win64; x64) AppleWebKit/537.36 (KHTML, like Gecko) Chrome/96.0.4664.45 Safari/537.36
Now loading... /Default.aspx?size=10&index=0

2021-12-02 15:44:46,372 [24] (null) DEBUG eShopLegacyWebForms.Global - /Catalog/Delete/8, Mozilla/5.0 (Windows NT 10.0; Win64; x64) AppleWebKit/537.36 (KHTML, like Gecko) Chrome/96.0.4664.45 Safari/537.36
Application_BeginRequest

2021-12-02 15:44:46,374 [24] (null) INFO eShopLegacyWebForms.Catalog.Delete - /Catalog/Delete/8, Mozilla/5.0 (Windows NT 10.0; Win64; x64) AppleWebKit/537.36 (KHTML, like Gecko) Chrome/96.0.4664.45 Safari/537.36
Now loading... /Catalog/Delete.aspx?id=8

2021-12-02 15:44:48,507 [43] (null) DEBUG eShopLegacyWebForms.Global - /Catalog/Delete/8, Mozilla/5.0 (Windows NT 10.0; Win64; x64) AppleWebKit/537.36 (KHTML, like Gecko) Chrome/96.0.4664.45 Safari/537.36
Application_BeginRequest

2021-12-02 15:44:48,509 [43] (null) INFO eShopLegacyWebForms.Catalog.Delete - (null)
Now loading... /Catalog/Delete.aspx?id=8

2021-12-02 15:44:48,519 [22] (null) DEBUG eShopLegacyWebForms.Global - /, Mozilla/5.0 (Windows NT 10.0; Win64; x64) AppleWebKit/537.36 (KHTML, like Gecko) Chrome/96.0.4664.45 Safari/537.36
Application_BeginRequest

2021-12-02 15:44:48,520 [22] (null) DEBUG eShopLegacyWebForms.Global - /, Mozilla/5.0 (Windows NT 10.0; Win64; x64) AppleWebKit/537.36 (KHTML, like Gecko) Chrome/96.0.4664.45 Safari/537.36
Application_BeginRequest

2021-12-02 15:44:48,524 [22] (null) INFO eShopLegacyWebForms._Default - /, Mozilla/5.0 (Windows NT 10.0; Win64; x64) AppleWebKit/537.36 (KHTML, like Gecko) Chrome/96.0.4664.45 Safari/537.36
Now loading... /Default.aspx?size=10&index=0

2021-12-02 15:44:51,057 [48] (null) DEBUG eShopLegacyWebForms.Global - /Catalog/Delete/11, Mozilla/5.0 (Windows NT 10.0; Win64; x64) AppleWebKit/537.36 (KHTML, like Gecko) Chrome/96.0.4664.45 Safari/537.36
Application_BeginRequest

2021-12-02 15:44:51,059 [48] (null) INFO eShopLegacyWebForms.Catalog.Delete - /Catalog/Delete/11, Mozilla/5.0 (Windows NT 10.0; Win64; x64) AppleWebKit/537.36 (KHTML, like Gecko) Chrome/96.0.4664.45 Safari/537.36
Now loading... /Catalog/Delete.aspx?id=11

2021-12-02 15:44:52,882 [45] (null) DEBUG eShopLegacyWebForms.Global - /Catalog/Delete/11, Mozilla/5.0 (Windows NT 10.0; Win64; x64) AppleWebKit/537.36 (KHTML, like Gecko) Chrome/96.0.4664.45 Safari/537.36
Application_BeginRequest

2021-12-02 15:44:52,884 [42] (null) INFO eShopLegacyWebForms.Catalog.Delete - (null)
Now loading... /Catalog/Delete.aspx?id=11

2021-12-02 15:44:52,892 [43] (null) DEBUG eShopLegacyWebForms.Global - /, Mozilla/5.0 (Windows NT 10.0; Win64; x64) AppleWebKit/537.36 (KHTML, like Gecko) Chrome/96.0.4664.45 Safari/537.36
Application_BeginRequest

2021-12-02 15:44:52,894 [43] (null) DEBUG eShopLegacyWebForms.Global - /, Mozilla/5.0 (Windows NT 10.0; Win64; x64) AppleWebKit/537.36 (KHTML, like Gecko) Chrome/96.0.4664.45 Safari/537.36
Application_BeginRequest

2021-12-02 15:44:52,897 [43] (null) INFO eShopLegacyWebForms._Default - /, Mozilla/5.0 (Windows NT 10.0; Win64; x64) AppleWebKit/537.36 (KHTML, like Gecko) Chrome/96.0.4664.45 Safari/537.36
Now loading... /Default.aspx?size=10&index=0

2021-12-02 15:44:56,187 [45] (null) DEBUG eShopLegacyWebForms.Global - /Catalog/Delete/10, Mozilla/5.0 (Windows NT 10.0; Win64; x64) AppleWebKit/537.36 (KHTML, like Gecko) Chrome/96.0.4664.45 Safari/537.36
Application_BeginRequest

2021-12-02 15:44:56,189 [45] (null) INFO eShopLegacyWebForms.Catalog.Delete - /Catalog/Delete/10, Mozilla/5.0 (Windows NT 10.0; Win64; x64) AppleWebKit/537.36 (KHTML, like Gecko) Chrome/96.0.4664.45 Safari/537.36
Now loading... /Catalog/Delete.aspx?id=10

2021-12-02 15:44:58,019 [43] (null) DEBUG eShopLegacyWebForms.Global - /Catalog/Delete/10, Mozilla/5.0 (Windows NT 10.0; Win64; x64) AppleWebKit/537.36 (KHTML, like Gecko) Chrome/96.0.4664.45 Safari/537.36
Application_BeginRequest

2021-12-02 15:44:58,021 [43] (null) INFO eShopLegacyWebForms.Catalog.Delete - (null)
Now loading... /Catalog/Delete.aspx?id=10

2021-12-02 15:44:58,028 [23] (null) DEBUG eShopLegacyWebForms.Global - /, Mozilla/5.0 (Windows NT 10.0; Win64; x64) AppleWebKit/537.36 (KHTML, like Gecko) Chrome/96.0.4664.45 Safari/537.36
Application_BeginRequest

2021-12-02 15:44:58,030 [23] (null) DEBUG eShopLegacyWebForms.Global - /, Mozilla/5.0 (Windows NT 10.0; Win64; x64) AppleWebKit/537.36 (KHTML, like Gecko) Chrome/96.0.4664.45 Safari/537.36
Application_BeginRequest

2021-12-02 15:44:58,033 [23] (null) INFO eShopLegacyWebForms._Default - /, Mozilla/5.0 (Windows NT 10.0; Win64; x64) AppleWebKit/537.36 (KHTML, like Gecko) Chrome/96.0.4664.45 Safari/537.36
Now loading... /Default.aspx?size=10&index=0

2021-12-02 15:45:03,996 [52] (null) DEBUG eShopLegacyWebForms.Global - /Catalog/Delete/7, Mozilla/5.0 (Windows NT 10.0; Win64; x64) AppleWebKit/537.36 (KHTML, like Gecko) Chrome/96.0.4664.45 Safari/537.36
Application_BeginRequest

2021-12-02 15:45:03,996 [52] (null) INFO eShopLegacyWebForms.Catalog.Delete - /Catalog/Delete/7, Mozilla/5.0 (Windows NT 10.0; Win64; x64) AppleWebKit/537.36 (KHTML, like Gecko) Chrome/96.0.4664.45 Safari/537.36
Now loading... /Catalog/Delete.aspx?id=7

2021-12-02 15:45:05,867 [42] (null) DEBUG eShopLegacyWebForms.Global - /Catalog/Delete/7, Mozilla/5.0 (Windows NT 10.0; Win64; x64) AppleWebKit/537.36 (KHTML, like Gecko) Chrome/96.0.4664.45 Safari/537.36
Application_BeginRequest

2021-12-02 15:45:05,869 [43] (null) INFO eShopLegacyWebForms.Catalog.Delete - (null)
Now loading... /Catalog/Delete.aspx?id=7

2021-12-02 15:45:05,876 [23] (null) DEBUG eShopLegacyWebForms.Global - /, Mozilla/5.0 (Windows NT 10.0; Win64; x64) AppleWebKit/537.36 (KHTML, like Gecko) Chrome/96.0.4664.45 Safari/537.36
Application_BeginRequest

2021-12-02 15:45:05,878 [23] (null) DEBUG eShopLegacyWebForms.Global - /, Mozilla/5.0 (Windows NT 10.0; Win64; x64) AppleWebKit/537.36 (KHTML, like Gecko) Chrome/96.0.4664.45 Safari/537.36
Application_BeginRequest

2021-12-02 15:45:05,881 [23] (null) INFO eShopLegacyWebForms._Default - /, Mozilla/5.0 (Windows NT 10.0; Win64; x64) AppleWebKit/537.36 (KHTML, like Gecko) Chrome/96.0.4664.45 Safari/537.36
Now loading... /Default.aspx?size=10&index=0

2021-12-02 15:50:53,050 [56] (null) DEBUG eShopLegacyWebForms.Global - /Default.aspx, Mozilla/5.0 (Windows NT 10.0; Win64; x64) AppleWebKit/537.36 (KHTML, like Gecko) Chrome/96.0.4664.45 Safari/537.36
Application_BeginRequest

2021-12-02 15:51:00,709 [56] (null) INFO eShopLegacyWebForms._Default - /Default.aspx, Mozilla/5.0 (Windows NT 10.0; Win64; x64) AppleWebKit/537.36 (KHTML, like Gecko) Chrome/96.0.4664.45 Safari/537.36
Now loading... /Default.aspx?size=10&index=0

2021-12-02 15:51:11,872 [42] (null) DEBUG eShopLegacyWebForms.Global - /Catalog/Delete/9, Mozilla/5.0 (Windows NT 10.0; Win64; x64) AppleWebKit/537.36 (KHTML, like Gecko) Chrome/96.0.4664.45 Safari/537.36
Application_BeginRequest

2021-12-02 15:51:11,898 [42] (null) INFO eShopLegacyWebForms.Catalog.Delete - /Catalog/Delete/9, Mozilla/5.0 (Windows NT 10.0; Win64; x64) AppleWebKit/537.36 (KHTML, like Gecko) Chrome/96.0.4664.45 Safari/537.36
Now loading... /Catalog/Delete.aspx?id=9

2021-12-02 15:51:14,054 [53] (null) DEBUG eShopLegacyWebForms.Global - /Catalog/Delete/9, Mozilla/5.0 (Windows NT 10.0; Win64; x64) AppleWebKit/537.36 (KHTML, like Gecko) Chrome/96.0.4664.45 Safari/537.36
Application_BeginRequest

2021-12-02 15:51:14,058 [53] (null) INFO eShopLegacyWebForms.Catalog.Delete - (null)
Now loading... /Catalog/Delete.aspx?id=9

2021-12-02 15:51:14,225 [49] (null) DEBUG eShopLegacyWebForms.Global - /, Mozilla/5.0 (Windows NT 10.0; Win64; x64) AppleWebKit/537.36 (KHTML, like Gecko) Chrome/96.0.4664.45 Safari/537.36
Application_BeginRequest

2021-12-02 15:51:14,229 [49] (null) DEBUG eShopLegacyWebForms.Global - /, Mozilla/5.0 (Windows NT 10.0; Win64; x64) AppleWebKit/537.36 (KHTML, like Gecko) Chrome/96.0.4664.45 Safari/537.36
Application_BeginRequest

2021-12-02 15:51:14,234 [49] (null) INFO eShopLegacyWebForms._Default - /, Mozilla/5.0 (Windows NT 10.0; Win64; x64) AppleWebKit/537.36 (KHTML, like Gecko) Chrome/96.0.4664.45 Safari/537.36
Now loading... /Default.aspx?size=10&index=0

2021-12-02 15:52:12,477 [22] (null) DEBUG eShopLegacyWebForms.Global - /Catalog/Create, Mozilla/5.0 (Windows NT 10.0; Win64; x64) AppleWebKit/537.36 (KHTML, like Gecko) Chrome/96.0.4664.45 Safari/537.36
Application_BeginRequest

2021-12-02 15:52:12,502 [22] (null) INFO eShopLegacyWebForms.Catalog.Create - /Catalog/Create, Mozilla/5.0 (Windows NT 10.0; Win64; x64) AppleWebKit/537.36 (KHTML, like Gecko) Chrome/96.0.4664.45 Safari/537.36
Now loading... /Catalog/Create.aspx

2021-12-02 15:52:18,194 [42] (null) DEBUG eShopLegacyWebForms.Global - /, Mozilla/5.0 (Windows NT 10.0; Win64; x64) AppleWebKit/537.36 (KHTML, like Gecko) Chrome/96.0.4664.45 Safari/537.36
Application_BeginRequest

2021-12-02 15:52:18,198 [42] (null) DEBUG eShopLegacyWebForms.Global - /, Mozilla/5.0 (Windows NT 10.0; Win64; x64) AppleWebKit/537.36 (KHTML, like Gecko) Chrome/96.0.4664.45 Safari/537.36
Application_BeginRequest

2021-12-02 15:52:18,588 [42] (null) INFO eShopLegacyWebForms._Default - /, Mozilla/5.0 (Windows NT 10.0; Win64; x64) AppleWebKit/537.36 (KHTML, like Gecko) Chrome/96.0.4664.45 Safari/537.36
Now loading... /Default.aspx?size=10&index=0

2021-12-02 15:52:23,121 [22] (null) DEBUG eShopLegacyWebForms.Global - /Catalog/Details/2, Mozilla/5.0 (Windows NT 10.0; Win64; x64) AppleWebKit/537.36 (KHTML, like Gecko) Chrome/96.0.4664.45 Safari/537.36
Application_BeginRequest

2021-12-02 15:52:23,144 [22] (null) INFO eShopLegacyWebForms.Catalog.Details - /Catalog/Details/2, Mozilla/5.0 (Windows NT 10.0; Win64; x64) AppleWebKit/537.36 (KHTML, like Gecko) Chrome/96.0.4664.45 Safari/537.36
Now loading... /Catalog/Details.aspx?id=2

2021-12-02 15:52:26,586 [42] (null) DEBUG eShopLegacyWebForms.Global - /, Mozilla/5.0 (Windows NT 10.0; Win64; x64) AppleWebKit/537.36 (KHTML, like Gecko) Chrome/96.0.4664.45 Safari/537.36
Application_BeginRequest

2021-12-02 15:52:26,589 [42] (null) DEBUG eShopLegacyWebForms.Global - /, Mozilla/5.0 (Windows NT 10.0; Win64; x64) AppleWebKit/537.36 (KHTML, like Gecko) Chrome/96.0.4664.45 Safari/537.36
Application_BeginRequest

2021-12-02 15:52:26,593 [42] (null) INFO eShopLegacyWebForms._Default - /, Mozilla/5.0 (Windows NT 10.0; Win64; x64) AppleWebKit/537.36 (KHTML, like Gecko) Chrome/96.0.4664.45 Safari/537.36
Now loading... /Default.aspx?size=10&index=0

2021-12-02 15:52:30,669 [53] (null) DEBUG eShopLegacyWebForms.Global - /Catalog/Create, Mozilla/5.0 (Windows NT 10.0; Win64; x64) AppleWebKit/537.36 (KHTML, like Gecko) Chrome/96.0.4664.45 Safari/537.36
Application_BeginRequest

2021-12-02 15:52:30,670 [53] (null) INFO eShopLegacyWebForms.Catalog.Create - /Catalog/Create, Mozilla/5.0 (Windows NT 10.0; Win64; x64) AppleWebKit/537.36 (KHTML, like Gecko) Chrome/96.0.4664.45 Safari/537.36
Now loading... /Catalog/Create.aspx

2021-12-02 15:52:34,975 [42] (null) DEBUG eShopLegacyWebForms.Global - /Catalog/Create, Mozilla/5.0 (Windows NT 10.0; Win64; x64) AppleWebKit/537.36 (KHTML, like Gecko) Chrome/96.0.4664.45 Safari/537.36
Application_BeginRequest

2021-12-02 15:52:34,978 [42] (null) INFO eShopLegacyWebForms.Catalog.Create - (null)
Now loading... /Catalog/Create.aspx

2021-12-02 15:52:35,050 [53] (null) DEBUG eShopLegacyWebForms.Global - /, Mozilla/5.0 (Windows NT 10.0; Win64; x64) AppleWebKit/537.36 (KHTML, like Gecko) Chrome/96.0.4664.45 Safari/537.36
Application_BeginRequest

2021-12-02 15:52:35,051 [53] (null) DEBUG eShopLegacyWebForms.Global - /, Mozilla/5.0 (Windows NT 10.0; Win64; x64) AppleWebKit/537.36 (KHTML, like Gecko) Chrome/96.0.4664.45 Safari/537.36
Application_BeginRequest

2021-12-02 15:52:35,054 [53] (null) INFO eShopLegacyWebForms._Default - /, Mozilla/5.0 (Windows NT 10.0; Win64; x64) AppleWebKit/537.36 (KHTML, like Gecko) Chrome/96.0.4664.45 Safari/537.36
Now loading... /Default.aspx?size=10&index=0

2021-12-02 15:52:37,624 [42] (null) DEBUG eShopLegacyWebForms.Global - /Catalog/Delete/41, Mozilla/5.0 (Windows NT 10.0; Win64; x64) AppleWebKit/537.36 (KHTML, like Gecko) Chrome/96.0.4664.45 Safari/537.36
Application_BeginRequest

2021-12-02 15:52:37,626 [42] (null) INFO eShopLegacyWebForms.Catalog.Delete - /Catalog/Delete/41, Mozilla/5.0 (Windows NT 10.0; Win64; x64) AppleWebKit/537.36 (KHTML, like Gecko) Chrome/96.0.4664.45 Safari/537.36
Now loading... /Catalog/Delete.aspx?id=41

2021-12-02 15:52:39,569 [22] (null) DEBUG eShopLegacyWebForms.Global - /Catalog/Delete/41, Mozilla/5.0 (Windows NT 10.0; Win64; x64) AppleWebKit/537.36 (KHTML, like Gecko) Chrome/96.0.4664.45 Safari/537.36
Application_BeginRequest

2021-12-02 15:52:39,571 [22] (null) INFO eShopLegacyWebForms.Catalog.Delete - (null)
Now loading... /Catalog/Delete.aspx?id=41

2021-12-02 15:52:39,580 [55] (null) DEBUG eShopLegacyWebForms.Global - /, Mozilla/5.0 (Windows NT 10.0; Win64; x64) AppleWebKit/537.36 (KHTML, like Gecko) Chrome/96.0.4664.45 Safari/537.36
Application_BeginRequest

2021-12-02 15:52:39,581 [55] (null) DEBUG eShopLegacyWebForms.Global - /, Mozilla/5.0 (Windows NT 10.0; Win64; x64) AppleWebKit/537.36 (KHTML, like Gecko) Chrome/96.0.4664.45 Safari/537.36
Application_BeginRequest

2021-12-02 15:52:39,584 [55] (null) INFO eShopLegacyWebForms._Default - /, Mozilla/5.0 (Windows NT 10.0; Win64; x64) AppleWebKit/537.36 (KHTML, like Gecko) Chrome/96.0.4664.45 Safari/537.36
Now loading... /Default.aspx?size=10&index=0

2021-12-02 16:25:28,451 [44] (null) DEBUG eShopLegacyWebForms.Global - /Default.aspx, Mozilla/5.0 (Windows NT 10.0; Win64; x64) AppleWebKit/537.36 (KHTML, like Gecko) Chrome/96.0.4664.45 Safari/537.36
Application_BeginRequest

2021-12-02 16:25:35,099 [44] (null) INFO eShopLegacyWebForms._Default - /Default.aspx, Mozilla/5.0 (Windows NT 10.0; Win64; x64) AppleWebKit/537.36 (KHTML, like Gecko) Chrome/96.0.4664.45 Safari/537.36
Now loading... /Default.aspx?size=10&index=0

2021-12-02 16:25:57,972 [44] (null) DEBUG eShopLegacyWebForms.Global - /Default.aspx, Mozilla/5.0 (Windows NT 10.0; Win64; x64) AppleWebKit/537.36 (KHTML, like Gecko) Chrome/96.0.4664.45 Safari/537.36
Application_BeginRequest

2021-12-02 16:25:57,975 [44] (null) INFO eShopLegacyWebForms._Default - /Default.aspx, Mozilla/5.0 (Windows NT 10.0; Win64; x64) AppleWebKit/537.36 (KHTML, like Gecko) Chrome/96.0.4664.45 Safari/537.36
Now loading... /Default.aspx?size=10&index=0

2021-12-02 16:25:58,996 [30] (null) DEBUG eShopLegacyWebForms.Global - /Default.aspx, Mozilla/5.0 (Windows NT 10.0; Win64; x64) AppleWebKit/537.36 (KHTML, like Gecko) Chrome/96.0.4664.45 Safari/537.36
Application_BeginRequest

2021-12-02 16:25:58,999 [30] (null) INFO eShopLegacyWebForms._Default - /Default.aspx, Mozilla/5.0 (Windows NT 10.0; Win64; x64) AppleWebKit/537.36 (KHTML, like Gecko) Chrome/96.0.4664.45 Safari/537.36
Now loading... /Default.aspx?size=10&index=0

2021-12-02 16:25:59,251 [34] (null) DEBUG eShopLegacyWebForms.Global - /Default.aspx, Mozilla/5.0 (Windows NT 10.0; Win64; x64) AppleWebKit/537.36 (KHTML, like Gecko) Chrome/96.0.4664.45 Safari/537.36
Application_BeginRequest

2021-12-02 16:25:59,254 [34] (null) INFO eShopLegacyWebForms._Default - /Default.aspx, Mozilla/5.0 (Windows NT 10.0; Win64; x64) AppleWebKit/537.36 (KHTML, like Gecko) Chrome/96.0.4664.45 Safari/537.36
Now loading... /Default.aspx?size=10&index=0

2021-12-02 16:26:00,211 [44] (null) DEBUG eShopLegacyWebForms.Global - /Default.aspx, Mozilla/5.0 (Windows NT 10.0; Win64; x64) AppleWebKit/537.36 (KHTML, like Gecko) Chrome/96.0.4664.45 Safari/537.36
Application_BeginRequest

2021-12-02 16:26:00,215 [44] (null) INFO eShopLegacyWebForms._Default - /Default.aspx, Mozilla/5.0 (Windows NT 10.0; Win64; x64) AppleWebKit/537.36 (KHTML, like Gecko) Chrome/96.0.4664.45 Safari/537.36
Now loading... /Default.aspx?size=10&index=0

2021-12-02 16:26:07,723 [34] (null) DEBUG eShopLegacyWebForms.Global - /Catalog/Create, Mozilla/5.0 (Windows NT 10.0; Win64; x64) AppleWebKit/537.36 (KHTML, like Gecko) Chrome/96.0.4664.45 Safari/537.36
Application_BeginRequest

2021-12-02 16:26:07,749 [34] (null) INFO eShopLegacyWebForms.Catalog.Create - /Catalog/Create, Mozilla/5.0 (Windows NT 10.0; Win64; x64) AppleWebKit/537.36 (KHTML, like Gecko) Chrome/96.0.4664.45 Safari/537.36
Now loading... /Catalog/Create.aspx

2021-12-02 16:26:18,099 [34] (null) DEBUG eShopLegacyWebForms.Global - /Default.aspx, Mozilla/5.0 (Windows NT 10.0; Win64; x64) AppleWebKit/537.36 (KHTML, like Gecko) Chrome/96.0.4664.45 Safari/537.36
Application_BeginRequest

2021-12-02 16:26:21,511 [34] (null) INFO eShopLegacyWebForms._Default - /Default.aspx, Mozilla/5.0 (Windows NT 10.0; Win64; x64) AppleWebKit/537.36 (KHTML, like Gecko) Chrome/96.0.4664.45 Safari/537.36
Now loading... /Default.aspx?size=10&index=0

2021-12-02 18:02:23,826 [84] (null) DEBUG eShopLegacyWebForms.Global - /Catalog/Create, Mozilla/5.0 (Windows NT 10.0; Win64; x64) AppleWebKit/537.36 (KHTML, like Gecko) Chrome/96.0.4664.45 Safari/537.36
Application_BeginRequest

2021-12-02 18:02:23,854 [84] (null) INFO eShopLegacyWebForms.Catalog.Create - /Catalog/Create, Mozilla/5.0 (Windows NT 10.0; Win64; x64) AppleWebKit/537.36 (KHTML, like Gecko) Chrome/96.0.4664.45 Safari/537.36
Now loading... /Catalog/Create.aspx

2021-12-02 18:41:20,539 [10] (null) DEBUG eShopLegacyWebForms.Global - /Default.aspx, Mozilla/5.0 (Windows NT 10.0; Win64; x64) AppleWebKit/537.36 (KHTML, like Gecko) Chrome/96.0.4664.45 Safari/537.36
Application_BeginRequest

2021-12-02 18:41:24,721 [10] (null) INFO eShopLegacyWebForms._Default - /Default.aspx, Mozilla/5.0 (Windows NT 10.0; Win64; x64) AppleWebKit/537.36 (KHTML, like Gecko) Chrome/96.0.4664.45 Safari/537.36
Now loading... /Default.aspx?size=10&index=0

2021-12-02 18:41:26,191 [5] (null) DEBUG eShopLegacyWebForms.Global - /bundles/MsAjaxJs?v=D6VN0fHlwFSIWjbVzi6mZyE9Ls-4LNrSSYVGRU46XF81, Mozilla/5.0 (Windows NT 10.0; Win64; x64) AppleWebKit/537.36 (KHTML, like Gecko) Chrome/96.0.4664.45 Safari/537.36
Application_BeginRequest

2021-12-02 18:41:26,217 [15] (null) DEBUG eShopLegacyWebForms.Global - /bundles/WebFormsJs?v=N8tymL9KraMLGAMFuPycfH3pXe6uUlRXdhtYv8A_jUU1, Mozilla/5.0 (Windows NT 10.0; Win64; x64) AppleWebKit/537.36 (KHTML, like Gecko) Chrome/96.0.4664.45 Safari/537.36
Application_BeginRequest

2021-12-02 18:42:14,216 [12] (null) DEBUG eShopLegacyWebForms.Global - /Catalog/Edit/2, Mozilla/5.0 (Windows NT 10.0; Win64; x64) AppleWebKit/537.36 (KHTML, like Gecko) Chrome/96.0.4664.45 Safari/537.36
Application_BeginRequest

2021-12-02 18:42:15,142 [12] (null) INFO eShopLegacyWebForms.Catalog.Edit - /Catalog/Edit/2, Mozilla/5.0 (Windows NT 10.0; Win64; x64) AppleWebKit/537.36 (KHTML, like Gecko) Chrome/96.0.4664.45 Safari/537.36
Now loading... /Catalog/Edit.aspx?id=2

2021-12-02 18:42:20,607 [13] (null) DEBUG eShopLegacyWebForms.Global - /, Mozilla/5.0 (Windows NT 10.0; Win64; x64) AppleWebKit/537.36 (KHTML, like Gecko) Chrome/96.0.4664.45 Safari/537.36
Application_BeginRequest

2021-12-02 18:42:20,644 [13] (null) DEBUG eShopLegacyWebForms.Global - /, Mozilla/5.0 (Windows NT 10.0; Win64; x64) AppleWebKit/537.36 (KHTML, like Gecko) Chrome/96.0.4664.45 Safari/537.36
Application_BeginRequest

2021-12-02 18:42:20,681 [13] (null) INFO eShopLegacyWebForms._Default - /, Mozilla/5.0 (Windows NT 10.0; Win64; x64) AppleWebKit/537.36 (KHTML, like Gecko) Chrome/96.0.4664.45 Safari/537.36
Now loading... /Default.aspx?size=10&index=0

2021-12-02 18:42:29,952 [12] (null) DEBUG eShopLegacyWebForms.Global - /Catalog/Create, Mozilla/5.0 (Windows NT 10.0; Win64; x64) AppleWebKit/537.36 (KHTML, like Gecko) Chrome/96.0.4664.45 Safari/537.36
Application_BeginRequest

2021-12-02 18:42:29,975 [12] (null) INFO eShopLegacyWebForms.Catalog.Create - /Catalog/Create, Mozilla/5.0 (Windows NT 10.0; Win64; x64) AppleWebKit/537.36 (KHTML, like Gecko) Chrome/96.0.4664.45 Safari/537.36
Now loading... /Catalog/Create.aspx

2021-12-02 18:42:33,968 [12] (null) DEBUG eShopLegacyWebForms.Global - /, Mozilla/5.0 (Windows NT 10.0; Win64; x64) AppleWebKit/537.36 (KHTML, like Gecko) Chrome/96.0.4664.45 Safari/537.36
Application_BeginRequest

2021-12-02 18:42:33,979 [12] (null) DEBUG eShopLegacyWebForms.Global - /, Mozilla/5.0 (Windows NT 10.0; Win64; x64) AppleWebKit/537.36 (KHTML, like Gecko) Chrome/96.0.4664.45 Safari/537.36
Application_BeginRequest

2021-12-02 18:42:34,011 [12] (null) INFO eShopLegacyWebForms._Default - /, Mozilla/5.0 (Windows NT 10.0; Win64; x64) AppleWebKit/537.36 (KHTML, like Gecko) Chrome/96.0.4664.45 Safari/537.36
Now loading... /Default.aspx?size=10&index=0

2021-12-02 18:45:19,778 [14] (null) DEBUG eShopLegacyWebForms.Global - /, Mozilla/5.0 (Windows NT 10.0; Win64; x64) AppleWebKit/537.36 (KHTML, like Gecko) Chrome/96.0.4664.45 Safari/537.36
Application_BeginRequest

2021-12-02 18:45:19,842 [14] (null) DEBUG eShopLegacyWebForms.Global - /, Mozilla/5.0 (Windows NT 10.0; Win64; x64) AppleWebKit/537.36 (KHTML, like Gecko) Chrome/96.0.4664.45 Safari/537.36
Application_BeginRequest

2021-12-02 18:45:21,535 [14] (null) INFO eShopLegacyWebForms._Default - /, Mozilla/5.0 (Windows NT 10.0; Win64; x64) AppleWebKit/537.36 (KHTML, like Gecko) Chrome/96.0.4664.45 Safari/537.36
Now loading... /Default.aspx?size=10&index=0

2021-12-02 18:45:22,544 [20] (null) DEBUG eShopLegacyWebForms.Global - /bundles/WebFormsJs?v=N8tymL9KraMLGAMFuPycfH3pXe6uUlRXdhtYv8A_jUU1, Mozilla/5.0 (Windows NT 10.0; Win64; x64) AppleWebKit/537.36 (KHTML, like Gecko) Chrome/96.0.4664.45 Safari/537.36
Application_BeginRequest

2021-12-02 18:45:22,550 [14] (null) DEBUG eShopLegacyWebForms.Global - /bundles/MsAjaxJs?v=D6VN0fHlwFSIWjbVzi6mZyE9Ls-4LNrSSYVGRU46XF81, Mozilla/5.0 (Windows NT 10.0; Win64; x64) AppleWebKit/537.36 (KHTML, like Gecko) Chrome/96.0.4664.45 Safari/537.36
Application_BeginRequest

2021-12-02 18:45:29,899 [18] (null) DEBUG eShopLegacyWebForms.Global - /, Mozilla/5.0 (Windows NT 10.0; Win64; x64) AppleWebKit/537.36 (KHTML, like Gecko) Chrome/96.0.4664.45 Safari/537.36
Application_BeginRequest

2021-12-02 18:45:29,911 [18] (null) DEBUG eShopLegacyWebForms.Global - /, Mozilla/5.0 (Windows NT 10.0; Win64; x64) AppleWebKit/537.36 (KHTML, like Gecko) Chrome/96.0.4664.45 Safari/537.36
Application_BeginRequest

2021-12-02 18:45:29,953 [18] (null) INFO eShopLegacyWebForms._Default - /, Mozilla/5.0 (Windows NT 10.0; Win64; x64) AppleWebKit/537.36 (KHTML, like Gecko) Chrome/96.0.4664.45 Safari/537.36
Now loading... /Default.aspx?size=10&index=0

2021-12-02 18:45:32,149 [14] (null) DEBUG eShopLegacyWebForms.Global - /, Mozilla/5.0 (Windows NT 10.0; Win64; x64) AppleWebKit/537.36 (KHTML, like Gecko) Chrome/96.0.4664.45 Safari/537.36
Application_BeginRequest

2021-12-02 18:45:32,161 [14] (null) DEBUG eShopLegacyWebForms.Global - /, Mozilla/5.0 (Windows NT 10.0; Win64; x64) AppleWebKit/537.36 (KHTML, like Gecko) Chrome/96.0.4664.45 Safari/537.36
Application_BeginRequest

2021-12-02 18:45:32,193 [14] (null) INFO eShopLegacyWebForms._Default - /, Mozilla/5.0 (Windows NT 10.0; Win64; x64) AppleWebKit/537.36 (KHTML, like Gecko) Chrome/96.0.4664.45 Safari/537.36
Now loading... /Default.aspx?size=10&index=0

2021-12-02 18:46:53,358 [15] (null) DEBUG eShopLegacyWebForms.Global - /Catalog/Create.aspx, Mozilla/5.0 (Windows NT 10.0; Win64; x64) AppleWebKit/537.36 (KHTML, like Gecko) Chrome/96.0.4664.45 Safari/537.36
Application_BeginRequest

2021-12-02 18:46:55,174 [15] (null) INFO eShopLegacyWebForms.Catalog.Create - /Catalog/Create.aspx, Mozilla/5.0 (Windows NT 10.0; Win64; x64) AppleWebKit/537.36 (KHTML, like Gecko) Chrome/96.0.4664.45 Safari/537.36
Now loading... /Catalog/Create.aspx

2021-12-02 18:50:02,638 [26] (null) DEBUG eShopLegacyWebForms.Global - /, Mozilla/5.0 (Windows NT 10.0; Win64; x64) AppleWebKit/537.36 (KHTML, like Gecko) Chrome/96.0.4664.45 Safari/537.36
Application_BeginRequest

2021-12-02 18:50:02,667 [26] (null) DEBUG eShopLegacyWebForms.Global - /, Mozilla/5.0 (Windows NT 10.0; Win64; x64) AppleWebKit/537.36 (KHTML, like Gecko) Chrome/96.0.4664.45 Safari/537.36
Application_BeginRequest

2021-12-02 18:50:02,847 [26] (null) INFO eShopLegacyWebForms._Default - /, Mozilla/5.0 (Windows NT 10.0; Win64; x64) AppleWebKit/537.36 (KHTML, like Gecko) Chrome/96.0.4664.45 Safari/537.36
Now loading... /Default.aspx?size=10&index=0

2021-12-02 18:55:24,831 [42] (null) DEBUG eShopLegacyWebForms.Global - /Catalog/Create.aspx, Mozilla/5.0 (Windows NT 10.0; Win64; x64) AppleWebKit/537.36 (KHTML, like Gecko) Chrome/96.0.4664.45 Safari/537.36
Application_BeginRequest

2021-12-02 18:55:25,330 [42] (null) INFO eShopLegacyWebForms.Catalog.Create - /Catalog/Create.aspx, Mozilla/5.0 (Windows NT 10.0; Win64; x64) AppleWebKit/537.36 (KHTML, like Gecko) Chrome/96.0.4664.45 Safari/537.36
Now loading... /Catalog/Create.aspx

2021-12-02 18:57:49,431 [42] (null) DEBUG eShopLegacyWebForms.Global - /Catalog/Create.aspx, Mozilla/5.0 (Windows NT 10.0; Win64; x64) AppleWebKit/537.36 (KHTML, like Gecko) Chrome/96.0.4664.45 Safari/537.36
Application_BeginRequest

2021-12-02 18:57:49,437 [42] (null) INFO eShopLegacyWebForms.Catalog.Create - (null)
Now loading... /Catalog/Create.aspx

2021-12-02 18:59:10,881 [13] (null) DEBUG eShopLegacyWebForms.Global - /Catalog/Create.aspx, Mozilla/5.0 (Windows NT 10.0; Win64; x64) AppleWebKit/537.36 (KHTML, like Gecko) Chrome/96.0.4664.45 Safari/537.36
Application_BeginRequest

2021-12-02 18:59:12,552 [13] (null) INFO eShopLegacyWebForms.Catalog.Create - /Catalog/Create.aspx, Mozilla/5.0 (Windows NT 10.0; Win64; x64) AppleWebKit/537.36 (KHTML, like Gecko) Chrome/96.0.4664.45 Safari/537.36
Now loading... /Catalog/Create.aspx

2021-12-02 18:59:33,786 [13] (null) DEBUG eShopLegacyWebForms.Global - /Catalog/Create.aspx, Mozilla/5.0 (Windows NT 10.0; Win64; x64) AppleWebKit/537.36 (KHTML, like Gecko) Chrome/96.0.4664.45 Safari/537.36
Application_BeginRequest

2021-12-02 18:59:33,792 [13] (null) INFO eShopLegacyWebForms.Catalog.Create - (null)
Now loading... /Catalog/Create.aspx

2021-12-02 19:00:51,506 [12] (null) DEBUG eShopLegacyWebForms.Global - /Catalog/Create.aspx, Mozilla/5.0 (Windows NT 10.0; Win64; x64) AppleWebKit/537.36 (KHTML, like Gecko) Chrome/96.0.4664.45 Safari/537.36
Application_BeginRequest

2021-12-02 19:00:52,935 [12] (null) INFO eShopLegacyWebForms.Catalog.Create - /Catalog/Create.aspx, Mozilla/5.0 (Windows NT 10.0; Win64; x64) AppleWebKit/537.36 (KHTML, like Gecko) Chrome/96.0.4664.45 Safari/537.36
Now loading... /Catalog/Create.aspx

2021-12-02 19:01:08,070 [15] (null) DEBUG eShopLegacyWebForms.Global - /Catalog/Create.aspx, Mozilla/5.0 (Windows NT 10.0; Win64; x64) AppleWebKit/537.36 (KHTML, like Gecko) Chrome/96.0.4664.45 Safari/537.36
Application_BeginRequest

2021-12-02 19:01:08,076 [15] (null) INFO eShopLegacyWebForms.Catalog.Create - (null)
Now loading... /Catalog/Create.aspx

2021-12-02 19:01:08,265 [15] (null) DEBUG eShopLegacyWebForms.Global - /, Mozilla/5.0 (Windows NT 10.0; Win64; x64) AppleWebKit/537.36 (KHTML, like Gecko) Chrome/96.0.4664.45 Safari/537.36
Application_BeginRequest

2021-12-02 19:01:08,278 [15] (null) DEBUG eShopLegacyWebForms.Global - /, Mozilla/5.0 (Windows NT 10.0; Win64; x64) AppleWebKit/537.36 (KHTML, like Gecko) Chrome/96.0.4664.45 Safari/537.36
Application_BeginRequest

2021-12-02 19:01:08,421 [15] (null) INFO eShopLegacyWebForms._Default - /, Mozilla/5.0 (Windows NT 10.0; Win64; x64) AppleWebKit/537.36 (KHTML, like Gecko) Chrome/96.0.4664.45 Safari/537.36
Now loading... /Default.aspx?size=10&index=0

2021-12-02 19:06:18,622 [17] (null) DEBUG eShopLegacyWebForms.Global - /Catalog/Delete.aspx, Mozilla/5.0 (Windows NT 10.0; Win64; x64) AppleWebKit/537.36 (KHTML, like Gecko) Chrome/96.0.4664.45 Safari/537.36
Application_BeginRequest

2021-12-02 19:06:19,769 [17] (null) INFO eShopLegacyWebForms.Catalog.Delete - /Catalog/Delete.aspx, Mozilla/5.0 (Windows NT 10.0; Win64; x64) AppleWebKit/537.36 (KHTML, like Gecko) Chrome/96.0.4664.45 Safari/537.36
Now loading... /Catalog/Delete.aspx?id=0

2021-12-02 19:07:14,022 [22] (null) DEBUG eShopLegacyWebForms.Global - /Catalog/Delete.aspx, Mozilla/5.0 (Windows NT 10.0; Win64; x64) AppleWebKit/537.36 (KHTML, like Gecko) Chrome/96.0.4664.45 Safari/537.36
Application_BeginRequest

2021-12-02 19:07:15,066 [22] (null) INFO eShopLegacyWebForms.Catalog.Delete - /Catalog/Delete.aspx, Mozilla/5.0 (Windows NT 10.0; Win64; x64) AppleWebKit/537.36 (KHTML, like Gecko) Chrome/96.0.4664.45 Safari/537.36
Now loading... /Catalog/Delete.aspx?id=0

2021-12-02 19:08:17,375 [15] (null) DEBUG eShopLegacyWebForms.Global - /Catalog/Delete.aspx, Mozilla/5.0 (Windows NT 10.0; Win64; x64) AppleWebKit/537.36 (KHTML, like Gecko) Chrome/96.0.4664.45 Safari/537.36
Application_BeginRequest

2021-12-02 19:08:18,379 [15] (null) INFO eShopLegacyWebForms.Catalog.Delete - /Catalog/Delete.aspx, Mozilla/5.0 (Windows NT 10.0; Win64; x64) AppleWebKit/537.36 (KHTML, like Gecko) Chrome/96.0.4664.45 Safari/537.36
Now loading... /Catalog/Delete.aspx?id=0

2021-12-02 19:08:57,531 [17] (null) DEBUG eShopLegacyWebForms.Global - /Catalog/Delete.aspx, Mozilla/5.0 (Windows NT 10.0; Win64; x64) AppleWebKit/537.36 (KHTML, like Gecko) Chrome/96.0.4664.45 Safari/537.36
Application_BeginRequest

2021-12-02 19:08:58,619 [17] (null) INFO eShopLegacyWebForms.Catalog.Delete - /Catalog/Delete.aspx, Mozilla/5.0 (Windows NT 10.0; Win64; x64) AppleWebKit/537.36 (KHTML, like Gecko) Chrome/96.0.4664.45 Safari/537.36
Now loading... /Catalog/Delete.aspx?id=0

2021-12-02 19:11:06,482 [8] (null) DEBUG eShopLegacyWebForms.Global - /Catalog/Create.aspx, Mozilla/5.0 (Windows NT 10.0; Win64; x64) AppleWebKit/537.36 (KHTML, like Gecko) Chrome/96.0.4664.45 Safari/537.36
Application_BeginRequest

2021-12-02 19:11:07,065 [8] (null) INFO eShopLegacyWebForms.Catalog.Create - /Catalog/Create.aspx, Mozilla/5.0 (Windows NT 10.0; Win64; x64) AppleWebKit/537.36 (KHTML, like Gecko) Chrome/96.0.4664.45 Safari/537.36
Now loading... /Catalog/Create.aspx

2021-12-02 19:11:53,568 [10] (null) DEBUG eShopLegacyWebForms.Global - /Catalog/Details.aspx, Mozilla/5.0 (Windows NT 10.0; Win64; x64) AppleWebKit/537.36 (KHTML, like Gecko) Chrome/96.0.4664.45 Safari/537.36
Application_BeginRequest

2021-12-02 19:11:54,122 [10] (null) INFO eShopLegacyWebForms.Catalog.Details - /Catalog/Details.aspx, Mozilla/5.0 (Windows NT 10.0; Win64; x64) AppleWebKit/537.36 (KHTML, like Gecko) Chrome/96.0.4664.45 Safari/537.36
Now loading... /Catalog/Details.aspx?id=0

2021-12-02 19:13:10,925 [24] (null) DEBUG eShopLegacyWebForms.Global - /Catalog/Edit.aspx, Mozilla/5.0 (Windows NT 10.0; Win64; x64) AppleWebKit/537.36 (KHTML, like Gecko) Chrome/96.0.4664.45 Safari/537.36
Application_BeginRequest

2021-12-02 19:13:11,519 [24] (null) INFO eShopLegacyWebForms.Catalog.Edit - /Catalog/Edit.aspx, Mozilla/5.0 (Windows NT 10.0; Win64; x64) AppleWebKit/537.36 (KHTML, like Gecko) Chrome/96.0.4664.45 Safari/537.36
Now loading... /Catalog/Edit.aspx?id=0

2021-12-02 20:17:58,824 [10] (null) DEBUG eShopLegacyWebForms.Global - /, Mozilla/5.0 (Windows NT 10.0; Win64; x64) AppleWebKit/537.36 (KHTML, like Gecko) Chrome/96.0.4664.45 Safari/537.36
Application_BeginRequest

2021-12-02 20:17:58,941 [10] (null) DEBUG eShopLegacyWebForms.Global - /, Mozilla/5.0 (Windows NT 10.0; Win64; x64) AppleWebKit/537.36 (KHTML, like Gecko) Chrome/96.0.4664.45 Safari/537.36
Application_BeginRequest

2021-12-02 21:10:39,675 [10] (null) DEBUG eShopLegacyWebForms.Global - /Default.aspx, Mozilla/5.0 (Windows NT 10.0; Win64; x64) AppleWebKit/537.36 (KHTML, like Gecko) Chrome/96.0.4664.45 Safari/537.36
Application_BeginRequest

2021-12-02 21:16:02,161 [14] (null) DEBUG eShopLegacyWebForms.Global - /Default.aspx, Mozilla/5.0 (Windows NT 10.0; Win64; x64) AppleWebKit/537.36 (KHTML, like Gecko) Chrome/96.0.4664.45 Safari/537.36
Application_BeginRequest

2021-12-02 21:21:40,668 [31] (null) DEBUG eShopLegacyWebForms.Global - /Catalog/Create.aspx, Mozilla/5.0 (Windows NT 10.0; Win64; x64) AppleWebKit/537.36 (KHTML, like Gecko) Chrome/96.0.4664.45 Safari/537.36
Application_BeginRequest

2021-12-02 21:21:41,628 [31] (null) INFO eShopLegacyWebForms.Catalog.Create - /Catalog/Create.aspx, Mozilla/5.0 (Windows NT 10.0; Win64; x64) AppleWebKit/537.36 (KHTML, like Gecko) Chrome/96.0.4664.45 Safari/537.36
Now loading... /Catalog/Create.aspx

2021-12-02 21:22:26,489 [21] (null) DEBUG eShopLegacyWebForms.Global - /Catalog/Create.aspx, Mozilla/5.0 (Windows NT 10.0; Win64; x64) AppleWebKit/537.36 (KHTML, like Gecko) Chrome/96.0.4664.45 Safari/537.36
Application_BeginRequest

2021-12-02 21:22:26,494 [21] (null) INFO eShopLegacyWebForms.Catalog.Create - (null)
Now loading... /Catalog/Create.aspx

2021-12-02 21:22:26,546 [14] (null) DEBUG eShopLegacyWebForms.Global - /, Mozilla/5.0 (Windows NT 10.0; Win64; x64) AppleWebKit/537.36 (KHTML, like Gecko) Chrome/96.0.4664.45 Safari/537.36
Application_BeginRequest

2021-12-02 21:22:26,550 [14] (null) DEBUG eShopLegacyWebForms.Global - /, Mozilla/5.0 (Windows NT 10.0; Win64; x64) AppleWebKit/537.36 (KHTML, like Gecko) Chrome/96.0.4664.45 Safari/537.36
Application_BeginRequest

2021-12-02 21:42:30,047 [34] (null) DEBUG eShopLegacyWebForms.Global - /Catalog/Create, Mozilla/5.0 (Windows NT 10.0; Win64; x64) AppleWebKit/537.36 (KHTML, like Gecko) Chrome/96.0.4664.45 Safari/537.36
Application_BeginRequest

2021-12-02 21:42:30,051 [34] (null) INFO eShopLegacyWebForms.Catalog.Create - /Catalog/Create, Mozilla/5.0 (Windows NT 10.0; Win64; x64) AppleWebKit/537.36 (KHTML, like Gecko) Chrome/96.0.4664.45 Safari/537.36
Now loading... /Catalog/Create.aspx

2021-12-02 21:42:41,943 [20] (null) DEBUG eShopLegacyWebForms.Global - /, Mozilla/5.0 (Windows NT 10.0; Win64; x64) AppleWebKit/537.36 (KHTML, like Gecko) Chrome/96.0.4664.45 Safari/537.36
Application_BeginRequest

2021-12-02 21:42:41,949 [20] (null) DEBUG eShopLegacyWebForms.Global - /, Mozilla/5.0 (Windows NT 10.0; Win64; x64) AppleWebKit/537.36 (KHTML, like Gecko) Chrome/96.0.4664.45 Safari/537.36
Application_BeginRequest

2021-12-02 21:42:57,174 [14] (null) DEBUG eShopLegacyWebForms.Global - /Catalog/Create, Mozilla/5.0 (Windows NT 10.0; Win64; x64) AppleWebKit/537.36 (KHTML, like Gecko) Chrome/96.0.4664.45 Safari/537.36
Application_BeginRequest

2021-12-02 21:42:57,176 [33] (null) INFO eShopLegacyWebForms.Catalog.Create - (null)
Now loading... /Catalog/Create.aspx

2021-12-02 21:42:57,188 [32] (null) DEBUG eShopLegacyWebForms.Global - /, Mozilla/5.0 (Windows NT 10.0; Win64; x64) AppleWebKit/537.36 (KHTML, like Gecko) Chrome/96.0.4664.45 Safari/537.36
Application_BeginRequest

2021-12-02 21:42:57,189 [32] (null) DEBUG eShopLegacyWebForms.Global - /, Mozilla/5.0 (Windows NT 10.0; Win64; x64) AppleWebKit/537.36 (KHTML, like Gecko) Chrome/96.0.4664.45 Safari/537.36
Application_BeginRequest

2021-12-02 21:43:00,540 [20] (null) DEBUG eShopLegacyWebForms.Global - /Catalog/Create, Mozilla/5.0 (Windows NT 10.0; Win64; x64) AppleWebKit/537.36 (KHTML, like Gecko) Chrome/96.0.4664.45 Safari/537.36
Application_BeginRequest

2021-12-02 21:43:00,543 [20] (null) INFO eShopLegacyWebForms.Catalog.Create - /Catalog/Create, Mozilla/5.0 (Windows NT 10.0; Win64; x64) AppleWebKit/537.36 (KHTML, like Gecko) Chrome/96.0.4664.45 Safari/537.36
Now loading... /Catalog/Create.aspx

2021-12-02 22:47:45,539 [10] (null) DEBUG eShopLegacyWebForms.Global - /, Mozilla/5.0 (Windows NT 10.0; Win64; x64) AppleWebKit/537.36 (KHTML, like Gecko) Chrome/96.0.4664.45 Safari/537.36
Application_BeginRequest

2021-12-02 22:47:45,796 [10] (null) DEBUG eShopLegacyWebForms.Global - /, Mozilla/5.0 (Windows NT 10.0; Win64; x64) AppleWebKit/537.36 (KHTML, like Gecko) Chrome/96.0.4664.45 Safari/537.36
Application_BeginRequest

2021-12-02 23:01:28,436 [13] (null) DEBUG eShopLegacyWebForms.Global - /Default.aspx, Mozilla/5.0 (Windows NT 10.0; Win64; x64) AppleWebKit/537.36 (KHTML, like Gecko) Chrome/96.0.4664.45 Safari/537.36
Application_BeginRequest

2021-12-02 23:02:43,456 [10] (null) DEBUG eShopLegacyWebForms.Global - /Catalog/Edit.aspx, Mozilla/5.0 (Windows NT 10.0; Win64; x64) AppleWebKit/537.36 (KHTML, like Gecko) Chrome/96.0.4664.45 Safari/537.36
Application_BeginRequest

2021-12-02 23:22:18,881 [10] (null) DEBUG eShopLegacyWebForms.Global - /Default.aspx, Mozilla/5.0 (Windows NT 10.0; Win64; x64) AppleWebKit/537.36 (KHTML, like Gecko) Chrome/96.0.4664.45 Safari/537.36
Application_BeginRequest

2021-12-02 23:22:26,777 [10] (null) INFO eShopLegacyWebForms._Default - /Default.aspx, Mozilla/5.0 (Windows NT 10.0; Win64; x64) AppleWebKit/537.36 (KHTML, like Gecko) Chrome/96.0.4664.45 Safari/537.36
Now loading... /Default.aspx?size=10&index=0

2021-12-02 23:22:35,474 [10] (null) DEBUG eShopLegacyWebForms.Global - /Catalog/Delete/2, Mozilla/5.0 (Windows NT 10.0; Win64; x64) AppleWebKit/537.36 (KHTML, like Gecko) Chrome/96.0.4664.45 Safari/537.36
Application_BeginRequest

2021-12-02 23:22:35,968 [10] (null) INFO eShopLegacyWebForms.Catalog.Delete - /Catalog/Delete/2, Mozilla/5.0 (Windows NT 10.0; Win64; x64) AppleWebKit/537.36 (KHTML, like Gecko) Chrome/96.0.4664.45 Safari/537.36
Now loading... /Catalog/Delete.aspx?id=2

2021-12-02 23:22:38,625 [10] (null) DEBUG eShopLegacyWebForms.Global - /Catalog/Delete/2, Mozilla/5.0 (Windows NT 10.0; Win64; x64) AppleWebKit/537.36 (KHTML, like Gecko) Chrome/96.0.4664.45 Safari/537.36
Application_BeginRequest

2021-12-02 23:22:38,629 [10] (null) INFO eShopLegacyWebForms.Catalog.Delete - (null)
Now loading... /Catalog/Delete.aspx?id=2

2021-12-02 23:22:38,803 [12] (null) DEBUG eShopLegacyWebForms.Global - /, Mozilla/5.0 (Windows NT 10.0; Win64; x64) AppleWebKit/537.36 (KHTML, like Gecko) Chrome/96.0.4664.45 Safari/537.36
Application_BeginRequest

2021-12-02 23:22:38,817 [12] (null) DEBUG eShopLegacyWebForms.Global - /, Mozilla/5.0 (Windows NT 10.0; Win64; x64) AppleWebKit/537.36 (KHTML, like Gecko) Chrome/96.0.4664.45 Safari/537.36
Application_BeginRequest

2021-12-02 23:22:38,854 [12] (null) INFO eShopLegacyWebForms._Default - /, Mozilla/5.0 (Windows NT 10.0; Win64; x64) AppleWebKit/537.36 (KHTML, like Gecko) Chrome/96.0.4664.45 Safari/537.36
Now loading... /Default.aspx?size=10&index=0

2021-12-02 23:22:44,335 [12] (null) DEBUG eShopLegacyWebForms.Global - /Catalog/Delete/4, Mozilla/5.0 (Windows NT 10.0; Win64; x64) AppleWebKit/537.36 (KHTML, like Gecko) Chrome/96.0.4664.45 Safari/537.36
Application_BeginRequest

2021-12-02 23:22:44,337 [12] (null) INFO eShopLegacyWebForms.Catalog.Delete - /Catalog/Delete/4, Mozilla/5.0 (Windows NT 10.0; Win64; x64) AppleWebKit/537.36 (KHTML, like Gecko) Chrome/96.0.4664.45 Safari/537.36
Now loading... /Catalog/Delete.aspx?id=4

2021-12-02 23:22:46,886 [10] (null) DEBUG eShopLegacyWebForms.Global - /, Mozilla/5.0 (Windows NT 10.0; Win64; x64) AppleWebKit/537.36 (KHTML, like Gecko) Chrome/96.0.4664.45 Safari/537.36
Application_BeginRequest

2021-12-02 23:22:46,898 [10] (null) DEBUG eShopLegacyWebForms.Global - /, Mozilla/5.0 (Windows NT 10.0; Win64; x64) AppleWebKit/537.36 (KHTML, like Gecko) Chrome/96.0.4664.45 Safari/537.36
Application_BeginRequest

2021-12-02 23:22:46,930 [10] (null) INFO eShopLegacyWebForms._Default - /, Mozilla/5.0 (Windows NT 10.0; Win64; x64) AppleWebKit/537.36 (KHTML, like Gecko) Chrome/96.0.4664.45 Safari/537.36
Now loading... /Default.aspx?size=10&index=0

2021-12-02 23:23:01,306 [14] (null) DEBUG eShopLegacyWebForms.Global - /Catalog/Edit/4, Mozilla/5.0 (Windows NT 10.0; Win64; x64) AppleWebKit/537.36 (KHTML, like Gecko) Chrome/96.0.4664.45 Safari/537.36
Application_BeginRequest

2021-12-02 23:23:01,327 [14] (null) INFO eShopLegacyWebForms.Catalog.Edit - /Catalog/Edit/4, Mozilla/5.0 (Windows NT 10.0; Win64; x64) AppleWebKit/537.36 (KHTML, like Gecko) Chrome/96.0.4664.45 Safari/537.36
Now loading... /Catalog/Edit.aspx?id=4

2021-12-02 23:24:54,134 [13] (null) DEBUG eShopLegacyWebForms.Global - /Catalog/Edit/4, Mozilla/5.0 (Windows NT 10.0; Win64; x64) AppleWebKit/537.36 (KHTML, like Gecko) Chrome/96.0.4664.45 Safari/537.36
Application_BeginRequest

2021-12-02 23:25:52,003 [13] (null) DEBUG eShopLegacyWebForms.Global - /Catalog/Edit.aspx, Mozilla/5.0 (Windows NT 10.0; Win64; x64) AppleWebKit/537.36 (KHTML, like Gecko) Chrome/96.0.4664.45 Safari/537.36
Application_BeginRequest

2021-12-02 23:25:53,058 [13] (null) INFO eShopLegacyWebForms.Catalog.Edit - /Catalog/Edit.aspx, Mozilla/5.0 (Windows NT 10.0; Win64; x64) AppleWebKit/537.36 (KHTML, like Gecko) Chrome/96.0.4664.45 Safari/537.36
Now loading... /Catalog/Edit.aspx?id=0

2021-12-02 23:26:40,740 [14] (null) DEBUG eShopLegacyWebForms.Global - /Catalog/Edit.aspx, Mozilla/5.0 (Windows NT 10.0; Win64; x64) AppleWebKit/537.36 (KHTML, like Gecko) Chrome/96.0.4664.45 Safari/537.36
Application_BeginRequest

2021-12-02 23:26:41,790 [14] (null) INFO eShopLegacyWebForms.Catalog.Edit - /Catalog/Edit.aspx, Mozilla/5.0 (Windows NT 10.0; Win64; x64) AppleWebKit/537.36 (KHTML, like Gecko) Chrome/96.0.4664.45 Safari/537.36
Now loading... /Catalog/Edit.aspx?id=0

2021-12-02 23:28:32,201 [13] (null) DEBUG eShopLegacyWebForms.Global - /Default.aspx, Mozilla/5.0 (Windows NT 10.0; Win64; x64) AppleWebKit/537.36 (KHTML, like Gecko) Chrome/96.0.4664.45 Safari/537.36
Application_BeginRequest

2021-12-02 23:28:34,023 [13] (null) INFO eShopLegacyWebForms._Default - /Default.aspx, Mozilla/5.0 (Windows NT 10.0; Win64; x64) AppleWebKit/537.36 (KHTML, like Gecko) Chrome/96.0.4664.45 Safari/537.36
Now loading... /Default.aspx?size=10&index=0

2021-12-02 23:28:48,110 [13] (null) DEBUG eShopLegacyWebForms.Global - /Catalog/Delete/4, Mozilla/5.0 (Windows NT 10.0; Win64; x64) AppleWebKit/537.36 (KHTML, like Gecko) Chrome/96.0.4664.45 Safari/537.36
Application_BeginRequest

2021-12-02 23:28:48,141 [13] (null) INFO eShopLegacyWebForms.Catalog.Delete - /Catalog/Delete/4, Mozilla/5.0 (Windows NT 10.0; Win64; x64) AppleWebKit/537.36 (KHTML, like Gecko) Chrome/96.0.4664.45 Safari/537.36
Now loading... /Catalog/Delete.aspx?id=4

2021-12-02 23:28:50,061 [17] (null) DEBUG eShopLegacyWebForms.Global - /Catalog/Delete/4, Mozilla/5.0 (Windows NT 10.0; Win64; x64) AppleWebKit/537.36 (KHTML, like Gecko) Chrome/96.0.4664.45 Safari/537.36
Application_BeginRequest

2021-12-02 23:28:50,065 [17] (null) INFO eShopLegacyWebForms.Catalog.Delete - (null)
Now loading... /Catalog/Delete.aspx?id=4

2021-12-02 23:28:50,206 [13] (null) DEBUG eShopLegacyWebForms.Global - /, Mozilla/5.0 (Windows NT 10.0; Win64; x64) AppleWebKit/537.36 (KHTML, like Gecko) Chrome/96.0.4664.45 Safari/537.36
Application_BeginRequest

2021-12-02 23:28:50,218 [13] (null) DEBUG eShopLegacyWebForms.Global - /, Mozilla/5.0 (Windows NT 10.0; Win64; x64) AppleWebKit/537.36 (KHTML, like Gecko) Chrome/96.0.4664.45 Safari/537.36
Application_BeginRequest

2021-12-02 23:28:50,253 [13] (null) INFO eShopLegacyWebForms._Default - /, Mozilla/5.0 (Windows NT 10.0; Win64; x64) AppleWebKit/537.36 (KHTML, like Gecko) Chrome/96.0.4664.45 Safari/537.36
Now loading... /Default.aspx?size=10&index=0

2021-12-02 23:28:52,171 [15] (null) DEBUG eShopLegacyWebForms.Global - /Catalog/Delete/5, Mozilla/5.0 (Windows NT 10.0; Win64; x64) AppleWebKit/537.36 (KHTML, like Gecko) Chrome/96.0.4664.45 Safari/537.36
Application_BeginRequest

2021-12-02 23:28:52,173 [15] (null) INFO eShopLegacyWebForms.Catalog.Delete - /Catalog/Delete/5, Mozilla/5.0 (Windows NT 10.0; Win64; x64) AppleWebKit/537.36 (KHTML, like Gecko) Chrome/96.0.4664.45 Safari/537.36
Now loading... /Catalog/Delete.aspx?id=5

2021-12-02 23:28:53,467 [13] (null) DEBUG eShopLegacyWebForms.Global - /Catalog/Delete/5, Mozilla/5.0 (Windows NT 10.0; Win64; x64) AppleWebKit/537.36 (KHTML, like Gecko) Chrome/96.0.4664.45 Safari/537.36
Application_BeginRequest

2021-12-02 23:28:53,469 [13] (null) INFO eShopLegacyWebForms.Catalog.Delete - (null)
Now loading... /Catalog/Delete.aspx?id=5

2021-12-02 23:28:53,573 [16] (null) DEBUG eShopLegacyWebForms.Global - /, Mozilla/5.0 (Windows NT 10.0; Win64; x64) AppleWebKit/537.36 (KHTML, like Gecko) Chrome/96.0.4664.45 Safari/537.36
Application_BeginRequest

2021-12-02 23:28:53,583 [16] (null) DEBUG eShopLegacyWebForms.Global - /, Mozilla/5.0 (Windows NT 10.0; Win64; x64) AppleWebKit/537.36 (KHTML, like Gecko) Chrome/96.0.4664.45 Safari/537.36
Application_BeginRequest

2021-12-02 23:28:53,616 [16] (null) INFO eShopLegacyWebForms._Default - /, Mozilla/5.0 (Windows NT 10.0; Win64; x64) AppleWebKit/537.36 (KHTML, like Gecko) Chrome/96.0.4664.45 Safari/537.36
Now loading... /Default.aspx?size=10&index=0

2021-12-02 23:28:55,707 [13] (null) DEBUG eShopLegacyWebForms.Global - /Catalog/Delete/6, Mozilla/5.0 (Windows NT 10.0; Win64; x64) AppleWebKit/537.36 (KHTML, like Gecko) Chrome/96.0.4664.45 Safari/537.36
Application_BeginRequest

2021-12-02 23:28:55,709 [13] (null) INFO eShopLegacyWebForms.Catalog.Delete - /Catalog/Delete/6, Mozilla/5.0 (Windows NT 10.0; Win64; x64) AppleWebKit/537.36 (KHTML, like Gecko) Chrome/96.0.4664.45 Safari/537.36
Now loading... /Catalog/Delete.aspx?id=6

2021-12-02 23:28:57,091 [13] (null) DEBUG eShopLegacyWebForms.Global - /Catalog/Delete/6, Mozilla/5.0 (Windows NT 10.0; Win64; x64) AppleWebKit/537.36 (KHTML, like Gecko) Chrome/96.0.4664.45 Safari/537.36
Application_BeginRequest

2021-12-02 23:28:57,093 [13] (null) INFO eShopLegacyWebForms.Catalog.Delete - (null)
Now loading... /Catalog/Delete.aspx?id=6

2021-12-02 23:28:57,195 [15] (null) DEBUG eShopLegacyWebForms.Global - /, Mozilla/5.0 (Windows NT 10.0; Win64; x64) AppleWebKit/537.36 (KHTML, like Gecko) Chrome/96.0.4664.45 Safari/537.36
Application_BeginRequest

2021-12-02 23:28:57,205 [15] (null) DEBUG eShopLegacyWebForms.Global - /, Mozilla/5.0 (Windows NT 10.0; Win64; x64) AppleWebKit/537.36 (KHTML, like Gecko) Chrome/96.0.4664.45 Safari/537.36
Application_BeginRequest

2021-12-02 23:28:57,238 [15] (null) INFO eShopLegacyWebForms._Default - /, Mozilla/5.0 (Windows NT 10.0; Win64; x64) AppleWebKit/537.36 (KHTML, like Gecko) Chrome/96.0.4664.45 Safari/537.36
Now loading... /Default.aspx?size=10&index=0

2021-12-02 23:29:12,922 [16] (null) DEBUG eShopLegacyWebForms.Global - /Catalog/Edit/51, Mozilla/5.0 (Windows NT 10.0; Win64; x64) AppleWebKit/537.36 (KHTML, like Gecko) Chrome/96.0.4664.45 Safari/537.36
Application_BeginRequest

2021-12-02 23:29:12,948 [16] (null) INFO eShopLegacyWebForms.Catalog.Edit - /Catalog/Edit/51, Mozilla/5.0 (Windows NT 10.0; Win64; x64) AppleWebKit/537.36 (KHTML, like Gecko) Chrome/96.0.4664.45 Safari/537.36
Now loading... /Catalog/Edit.aspx?id=51

2021-12-02 23:29:38,872 [13] (null) DEBUG eShopLegacyWebForms.Global - /Catalog/Edit/51, Mozilla/5.0 (Windows NT 10.0; Win64; x64) AppleWebKit/537.36 (KHTML, like Gecko) Chrome/96.0.4664.45 Safari/537.36
Application_BeginRequest

2021-12-02 23:31:42,780 [18] (null) DEBUG eShopLegacyWebForms.Global - /Default.aspx, Mozilla/5.0 (Windows NT 10.0; Win64; x64) AppleWebKit/537.36 (KHTML, like Gecko) Chrome/96.0.4664.45 Safari/537.36
Application_BeginRequest

2021-12-02 23:31:43,879 [18] (null) INFO eShopLegacyWebForms._Default - /Default.aspx, Mozilla/5.0 (Windows NT 10.0; Win64; x64) AppleWebKit/537.36 (KHTML, like Gecko) Chrome/96.0.4664.45 Safari/537.36
Now loading... /Default.aspx?size=10&index=0

2021-12-04 11:24:35,078 [9] (null) DEBUG eShopLegacyWebForms.Global - /Default.aspx, Mozilla/5.0 (Windows NT 10.0; Win64; x64) AppleWebKit/537.36 (KHTML, like Gecko) Chrome/96.0.4664.45 Safari/537.36
Application_BeginRequest

2021-12-04 11:24:39,724 [9] (null) INFO eShopLegacyWebForms._Default - /Default.aspx, Mozilla/5.0 (Windows NT 10.0; Win64; x64) AppleWebKit/537.36 (KHTML, like Gecko) Chrome/96.0.4664.45 Safari/537.36
Now loading... /Default.aspx?size=10&index=0

2021-12-04 11:24:40,935 [9] (null) DEBUG eShopLegacyWebForms.Global - /bundles/MsAjaxJs?v=D6VN0fHlwFSIWjbVzi6mZyE9Ls-4LNrSSYVGRU46XF81, Mozilla/5.0 (Windows NT 10.0; Win64; x64) AppleWebKit/537.36 (KHTML, like Gecko) Chrome/96.0.4664.45 Safari/537.36
Application_BeginRequest

2021-12-04 11:24:40,954 [20] (null) DEBUG eShopLegacyWebForms.Global - /bundles/WebFormsJs?v=N8tymL9KraMLGAMFuPycfH3pXe6uUlRXdhtYv8A_jUU1, Mozilla/5.0 (Windows NT 10.0; Win64; x64) AppleWebKit/537.36 (KHTML, like Gecko) Chrome/96.0.4664.45 Safari/537.36
Application_BeginRequest

2021-12-04 11:25:14,413 [12] (null) DEBUG eShopLegacyWebForms.Global - /Catalog/Details/51, Mozilla/5.0 (Windows NT 10.0; Win64; x64) AppleWebKit/537.36 (KHTML, like Gecko) Chrome/96.0.4664.45 Safari/537.36
Application_BeginRequest

2021-12-04 11:25:14,862 [12] (null) INFO eShopLegacyWebForms.Catalog.Details - /Catalog/Details/51, Mozilla/5.0 (Windows NT 10.0; Win64; x64) AppleWebKit/537.36 (KHTML, like Gecko) Chrome/96.0.4664.45 Safari/537.36
Now loading... /Catalog/Details.aspx?id=51

2021-12-04 11:25:20,158 [6] (null) DEBUG eShopLegacyWebForms.Global - /Catalog/Edit/51, Mozilla/5.0 (Windows NT 10.0; Win64; x64) AppleWebKit/537.36 (KHTML, like Gecko) Chrome/96.0.4664.45 Safari/537.36
Application_BeginRequest

2021-12-04 11:25:20,179 [6] (null) INFO eShopLegacyWebForms.Catalog.Edit - /Catalog/Edit/51, Mozilla/5.0 (Windows NT 10.0; Win64; x64) AppleWebKit/537.36 (KHTML, like Gecko) Chrome/96.0.4664.45 Safari/537.36
Now loading... /Catalog/Edit.aspx?id=51

2021-12-04 11:25:36,668 [9] (null) DEBUG eShopLegacyWebForms.Global - /, Mozilla/5.0 (Windows NT 10.0; Win64; x64) AppleWebKit/537.36 (KHTML, like Gecko) Chrome/96.0.4664.45 Safari/537.36
Application_BeginRequest

2021-12-04 11:25:36,680 [9] (null) DEBUG eShopLegacyWebForms.Global - /, Mozilla/5.0 (Windows NT 10.0; Win64; x64) AppleWebKit/537.36 (KHTML, like Gecko) Chrome/96.0.4664.45 Safari/537.36
Application_BeginRequest

2021-12-04 11:25:36,716 [9] (null) INFO eShopLegacyWebForms._Default - /, Mozilla/5.0 (Windows NT 10.0; Win64; x64) AppleWebKit/537.36 (KHTML, like Gecko) Chrome/96.0.4664.45 Safari/537.36
Now loading... /Default.aspx?size=10&index=0

2021-12-04 11:26:28,661 [9] (null) DEBUG eShopLegacyWebForms.Global - /Catalog/Create, Mozilla/5.0 (Windows NT 10.0; Win64; x64) AppleWebKit/537.36 (KHTML, like Gecko) Chrome/96.0.4664.45 Safari/537.36
Application_BeginRequest

2021-12-04 11:26:28,683 [9] (null) INFO eShopLegacyWebForms.Catalog.Create - /Catalog/Create, Mozilla/5.0 (Windows NT 10.0; Win64; x64) AppleWebKit/537.36 (KHTML, like Gecko) Chrome/96.0.4664.45 Safari/537.36
Now loading... /Catalog/Create.aspx

2021-12-04 11:26:39,970 [10] (null) DEBUG eShopLegacyWebForms.Global - /Catalog/Create, Mozilla/5.0 (Windows NT 10.0; Win64; x64) AppleWebKit/537.36 (KHTML, like Gecko) Chrome/96.0.4664.45 Safari/537.36
Application_BeginRequest

2021-12-04 11:26:39,975 [10] (null) INFO eShopLegacyWebForms.Catalog.Create - (null)
Now loading... /Catalog/Create.aspx

2021-12-04 11:26:40,162 [10] (null) DEBUG eShopLegacyWebForms.Global - /, Mozilla/5.0 (Windows NT 10.0; Win64; x64) AppleWebKit/537.36 (KHTML, like Gecko) Chrome/96.0.4664.45 Safari/537.36
Application_BeginRequest

2021-12-04 11:26:40,173 [10] (null) DEBUG eShopLegacyWebForms.Global - /, Mozilla/5.0 (Windows NT 10.0; Win64; x64) AppleWebKit/537.36 (KHTML, like Gecko) Chrome/96.0.4664.45 Safari/537.36
Application_BeginRequest

2021-12-04 11:26:40,208 [10] (null) INFO eShopLegacyWebForms._Default - /, Mozilla/5.0 (Windows NT 10.0; Win64; x64) AppleWebKit/537.36 (KHTML, like Gecko) Chrome/96.0.4664.45 Safari/537.36
Now loading... /Default.aspx?size=10&index=0

2021-12-04 11:28:47,017 [10] (null) DEBUG eShopLegacyWebForms.Global - /Catalog/Create, Mozilla/5.0 (Windows NT 10.0; Win64; x64) AppleWebKit/537.36 (KHTML, like Gecko) Chrome/96.0.4664.45 Safari/537.36
Application_BeginRequest

2021-12-04 11:28:47,019 [10] (null) INFO eShopLegacyWebForms.Catalog.Create - /Catalog/Create, Mozilla/5.0 (Windows NT 10.0; Win64; x64) AppleWebKit/537.36 (KHTML, like Gecko) Chrome/96.0.4664.45 Safari/537.36
Now loading... /Catalog/Create.aspx

2021-12-04 11:34:43,230 [10] (null) DEBUG eShopLegacyWebForms.Global - /, Mozilla/5.0 (Windows NT 10.0; Win64; x64) AppleWebKit/537.36 (KHTML, like Gecko) Chrome/96.0.4664.45 Safari/537.36
Application_BeginRequest

2021-12-04 11:34:43,245 [10] (null) DEBUG eShopLegacyWebForms.Global - /, Mozilla/5.0 (Windows NT 10.0; Win64; x64) AppleWebKit/537.36 (KHTML, like Gecko) Chrome/96.0.4664.45 Safari/537.36
Application_BeginRequest

2021-12-04 11:34:43,362 [10] (null) INFO eShopLegacyWebForms._Default - /, Mozilla/5.0 (Windows NT 10.0; Win64; x64) AppleWebKit/537.36 (KHTML, like Gecko) Chrome/96.0.4664.45 Safari/537.36
Now loading... /Default.aspx?size=10&index=0

2021-12-04 11:34:45,122 [10] (null) DEBUG eShopLegacyWebForms.Global - /Catalog/Edit/62, Mozilla/5.0 (Windows NT 10.0; Win64; x64) AppleWebKit/537.36 (KHTML, like Gecko) Chrome/96.0.4664.45 Safari/537.36
Application_BeginRequest

2021-12-04 11:34:45,124 [10] (null) INFO eShopLegacyWebForms.Catalog.Edit - /Catalog/Edit/62, Mozilla/5.0 (Windows NT 10.0; Win64; x64) AppleWebKit/537.36 (KHTML, like Gecko) Chrome/96.0.4664.45 Safari/537.36
Now loading... /Catalog/Edit.aspx?id=62

2021-12-04 11:34:53,443 [10] (null) DEBUG eShopLegacyWebForms.Global - /Catalog/Edit/62, Mozilla/5.0 (Windows NT 10.0; Win64; x64) AppleWebKit/537.36 (KHTML, like Gecko) Chrome/96.0.4664.45 Safari/537.36
Application_BeginRequest

2021-12-04 11:37:29,437 [13] (null) DEBUG eShopLegacyWebForms.Global - /Catalog/Create.aspx, Mozilla/5.0 (Windows NT 10.0; Win64; x64) AppleWebKit/537.36 (KHTML, like Gecko) Chrome/96.0.4664.45 Safari/537.36
Application_BeginRequest

2021-12-04 11:37:30,511 [13] (null) INFO eShopLegacyWebForms.Catalog.Create - /Catalog/Create.aspx, Mozilla/5.0 (Windows NT 10.0; Win64; x64) AppleWebKit/537.36 (KHTML, like Gecko) Chrome/96.0.4664.45 Safari/537.36
Now loading... /Catalog/Create.aspx

2021-12-04 11:37:46,759 [13] (null) DEBUG eShopLegacyWebForms.Global - /Catalog/Create.aspx, Mozilla/5.0 (Windows NT 10.0; Win64; x64) AppleWebKit/537.36 (KHTML, like Gecko) Chrome/96.0.4664.45 Safari/537.36
Application_BeginRequest

2021-12-04 11:37:46,770 [13] (null) INFO eShopLegacyWebForms.Catalog.Create - (null)
Now loading... /Catalog/Create.aspx

2021-12-04 11:37:46,960 [13] (null) DEBUG eShopLegacyWebForms.Global - /, Mozilla/5.0 (Windows NT 10.0; Win64; x64) AppleWebKit/537.36 (KHTML, like Gecko) Chrome/96.0.4664.45 Safari/537.36
Application_BeginRequest

2021-12-04 11:37:46,974 [13] (null) DEBUG eShopLegacyWebForms.Global - /, Mozilla/5.0 (Windows NT 10.0; Win64; x64) AppleWebKit/537.36 (KHTML, like Gecko) Chrome/96.0.4664.45 Safari/537.36
Application_BeginRequest

2021-12-04 11:37:47,127 [13] (null) INFO eShopLegacyWebForms._Default - /, Mozilla/5.0 (Windows NT 10.0; Win64; x64) AppleWebKit/537.36 (KHTML, like Gecko) Chrome/96.0.4664.45 Safari/537.36
Now loading... /Default.aspx?size=10&index=0

2021-12-04 11:37:52,687 [13] (null) DEBUG eShopLegacyWebForms.Global - /Catalog/Edit/81, Mozilla/5.0 (Windows NT 10.0; Win64; x64) AppleWebKit/537.36 (KHTML, like Gecko) Chrome/96.0.4664.45 Safari/537.36
Application_BeginRequest

2021-12-04 11:37:52,710 [13] (null) INFO eShopLegacyWebForms.Catalog.Edit - /Catalog/Edit/81, Mozilla/5.0 (Windows NT 10.0; Win64; x64) AppleWebKit/537.36 (KHTML, like Gecko) Chrome/96.0.4664.45 Safari/537.36
Now loading... /Catalog/Edit.aspx?id=81

2021-12-04 11:38:02,475 [13] (null) DEBUG eShopLegacyWebForms.Global - /Catalog/Edit/81, Mozilla/5.0 (Windows NT 10.0; Win64; x64) AppleWebKit/537.36 (KHTML, like Gecko) Chrome/96.0.4664.45 Safari/537.36
Application_BeginRequest

2021-12-04 11:48:13,636 [27] (null) DEBUG eShopLegacyWebForms.Global - /Catalog/Edit/81, Mozilla/5.0 (Windows NT 10.0; Win64; x64) AppleWebKit/537.36 (KHTML, like Gecko) Chrome/96.0.4664.45 Safari/537.36
Application_BeginRequest

2021-12-04 11:52:05,356 [39] (null) DEBUG eShopLegacyWebForms.Global - /, Mozilla/5.0 (Windows NT 10.0; Win64; x64) AppleWebKit/537.36 (KHTML, like Gecko) Chrome/96.0.4664.45 Safari/537.36
Application_BeginRequest

2021-12-04 11:52:05,370 [39] (null) DEBUG eShopLegacyWebForms.Global - /, Mozilla/5.0 (Windows NT 10.0; Win64; x64) AppleWebKit/537.36 (KHTML, like Gecko) Chrome/96.0.4664.45 Safari/537.36
Application_BeginRequest

2021-12-04 11:52:06,452 [39] (null) INFO eShopLegacyWebForms._Default - /, Mozilla/5.0 (Windows NT 10.0; Win64; x64) AppleWebKit/537.36 (KHTML, like Gecko) Chrome/96.0.4664.45 Safari/537.36
Now loading... /Default.aspx?size=10&index=0

2021-12-04 11:56:02,274 [9] (null) DEBUG eShopLegacyWebForms.Global - /, Mozilla/5.0 (Windows NT 10.0; Win64; x64) AppleWebKit/537.36 (KHTML, like Gecko) Chrome/96.0.4664.45 Safari/537.36
Application_BeginRequest

2021-12-04 11:56:02,385 [9] (null) DEBUG eShopLegacyWebForms.Global - /, Mozilla/5.0 (Windows NT 10.0; Win64; x64) AppleWebKit/537.36 (KHTML, like Gecko) Chrome/96.0.4664.45 Safari/537.36
Application_BeginRequest

2021-12-04 11:56:09,533 [9] (null) INFO eShopLegacyWebForms._Default - /, Mozilla/5.0 (Windows NT 10.0; Win64; x64) AppleWebKit/537.36 (KHTML, like Gecko) Chrome/96.0.4664.45 Safari/537.36
Now loading... /Default.aspx?size=10&index=0

2021-12-04 11:58:56,889 [13] (null) DEBUG eShopLegacyWebForms.Global - /, Mozilla/5.0 (Windows NT 10.0; Win64; x64) AppleWebKit/537.36 (KHTML, like Gecko) Chrome/96.0.4664.45 Safari/537.36
Application_BeginRequest

2021-12-04 11:58:56,979 [13] (null) DEBUG eShopLegacyWebForms.Global - /, Mozilla/5.0 (Windows NT 10.0; Win64; x64) AppleWebKit/537.36 (KHTML, like Gecko) Chrome/96.0.4664.45 Safari/537.36
Application_BeginRequest

2021-12-04 11:58:59,688 [13] (null) INFO eShopLegacyWebForms._Default - /, Mozilla/5.0 (Windows NT 10.0; Win64; x64) AppleWebKit/537.36 (KHTML, like Gecko) Chrome/96.0.4664.45 Safari/537.36
Now loading... /Default.aspx?size=10&index=0

2021-12-04 12:01:47,864 [14] (null) DEBUG eShopLegacyWebForms.Global - /, Mozilla/5.0 (Windows NT 10.0; Win64; x64) AppleWebKit/537.36 (KHTML, like Gecko) Chrome/96.0.4664.45 Safari/537.36
Application_BeginRequest

2021-12-04 12:01:47,952 [14] (null) DEBUG eShopLegacyWebForms.Global - /, Mozilla/5.0 (Windows NT 10.0; Win64; x64) AppleWebKit/537.36 (KHTML, like Gecko) Chrome/96.0.4664.45 Safari/537.36
Application_BeginRequest

2021-12-04 12:01:50,638 [14] (null) INFO eShopLegacyWebForms._Default - /, Mozilla/5.0 (Windows NT 10.0; Win64; x64) AppleWebKit/537.36 (KHTML, like Gecko) Chrome/96.0.4664.45 Safari/537.36
Now loading... /Default.aspx?size=10&index=0

